#
# A fatal error has been detected by the Java Runtime Environment:
#
#  SIGSEGV (0xb) at pc=0x00007f6e28f8cac7, pid=15991, tid=0x00007f6e2ac9d700
#
# JRE version: OpenJDK Runtime Environment (8.0_131-b11) (build 1.8.0_131-8u131-b11-2ubuntu1.16.04.2-b11)
# Java VM: OpenJDK 64-Bit Server VM (25.131-b11 mixed mode linux-amd64 compressed oops)
# Problematic frame:
# C  [libtesseract.so.3.0.4+0x9dac7]  tesseract::Tesseract::recog_all_words(PAGE_RES*, ETEXT_DESC*, TBOX const*, char const*, int)+0x5e7
#
# Failed to write core dump. Core dumps have been disabled. To enable core dumping, try "ulimit -c unlimited" before starting Java again
#
# If you would like to submit a bug report, please visit:
#   http://bugreport.java.com/bugreport/crash.jsp
# The crash happened outside the Java Virtual Machine in native code.
# See problematic frame for where to report the bug.
#

---------------  T H R E A D  ---------------

Current thread (0x00007f6e4c2db800):  JavaThread "AWT-EventQueue-0" [_thread_in_native, id=16013, stack(0x00007f6e2ab9d000,0x00007f6e2ac9e000)]

siginfo: si_signo: 11 (SIGSEGV), si_code: 1 (SEGV_MAPERR), si_addr: 0x000000000000000c

Registers:
RAX=0x0000000000000000, RBX=0x00007f6e2ac994d0, RCX=0x0000000000000000, RDX=0x0000000000000000
RSP=0x00007f6e2ac99480, RBP=0x00007f6df0522e40, RSI=0x0000000000000001, RDI=0x00007f6e2ac99520
R8 =0x0000000000000000, R9 =0x0000000000000000, R10=0x00000000ffff8001, R11=0x00000000ffff8001
R12=0x00007f6df0568a50, R13=0x0000000000000000, R14=0x0000000000000000, R15=0x00007f6df0568a50
RIP=0x00007f6e28f8cac7, EFLAGS=0x0000000000010246, CSGSFS=0x0000000000000033, ERR=0x0000000000000004
  TRAPNO=0x000000000000000e

Top of Stack: (sp=0x00007f6e2ac99480)
0x00007f6e2ac99480:   0000000000000000 0000000000000000
0x00007f6e2ac99490:   0000000000000000 00007f6df0581ef0
0x00007f6e2ac994a0:   00007f6df0581440 00007f6df0581d90
0x00007f6e2ac994b0:   0000000000000000 00007f6e2ac994e0
0x00007f6e2ac994c0:   0000000000000000 00007f6e290e8980
0x00007f6e2ac994d0:   00007f6df0568a50 0000000000000000
0x00007f6e2ac994e0:   0000000000000000 0000000000000000
0x00007f6e2ac994f0:   00007f6df05687e0 00007f6df0581ef0
0x00007f6e2ac99500:   00007f6df0581d90 0000000000000000
0x00007f6e2ac99510:   0000000000000000 0000000000000000
0x00007f6e2ac99520:   00007f6df0568a58 00007f6df0581d90
0x00007f6e2ac99530:   00007f6df0581d90 00007f6df0581d90
0x00007f6e2ac99540:   00007f6df0560000 00007f6df0581d90
0x00007f6e2ac99550:   0000000000000001 00007f6df0581db8
0x00007f6e2ac99560:   00007f6df0581ef0 00007f6df0581ef0
0x00007f6e2ac99570:   00007f6df0581ef0 00007f6df0520000
0x00007f6e2ac99580:   00007f6df0581ef0 00007f6df0568a01
0x00007f6e2ac99590:   00007f6df0581f10 00007f6df05687e0
0x00007f6e2ac995a0:   00007f6df05687e0 00007f6df05687e0
0x00007f6e2ac995b0:   0000000000000000 00007f6df05687e0
0x00007f6e2ac995c0:   0000000000000001 1c60ad9caa0b5500
0x00007f6e2ac995d0:   0000000000000000 00007f6df05214f0
0x00007f6e2ac995e0:   00007f6e2ac99660 00000000ffffffff
0x00007f6e2ac995f0:   0000000000000000 00007f6df0568a50
0x00007f6e2ac99600:   00007f6df0568a50 00007f6e28f77065
0x00007f6e2ac99610:   00007f6e3b581300 0000000086ed3838
0x00007f6e2ac99620:   00000000d9a73601 1c60ad9caa0b5500
0x00007f6e2ac99630:   00000000d9a715b0 00007f6df05214f0
0x00007f6e2ac99640:   0000000000000001 0000000000000000
0x00007f6e2ac99650:   0000000000000001 00007f6e2ac9a0a0
0x00007f6e2ac99660:   00007f6e2ac996b0 00007f6e28f7833c
0x00007f6e2ac99670:   00007f6e2ac996c8 1c60ad9caa0b5500 

Instructions: (pc=0x00007f6e28f8cac7)
0x00007f6e28f8caa7:   13 00 00 41 83 fe 01 0f 84 ec fb ff ff e9 b9 fa
0x00007f6e28f8cab7:   ff ff 0f 1f 80 00 00 00 00 48 8b 85 10 0b 00 00
0x00007f6e28f8cac7:   80 78 0c 00 0f 84 9f fd ff ff 48 89 ef e8 17 82
0x00007f6e28f8cad7:   0f 00 e9 92 fd ff ff 4c 89 e6 48 89 ef e8 e7 8b 

Register to memory mapping:

RAX=0x0000000000000000 is an unknown value
RBX=0x00007f6e2ac994d0 is pointing into the stack for thread: 0x00007f6e4c2db800
RCX=0x0000000000000000 is an unknown value
RDX=0x0000000000000000 is an unknown value
RSP=0x00007f6e2ac99480 is pointing into the stack for thread: 0x00007f6e4c2db800
RBP=0x00007f6df0522e40 is an unknown value
RSI=0x0000000000000001 is an unknown value
RDI=0x00007f6e2ac99520 is pointing into the stack for thread: 0x00007f6e4c2db800
R8 =0x0000000000000000 is an unknown value
R9 =0x0000000000000000 is an unknown value
R10=0x00000000ffff8001 is an unallocated location in the heap
R11=0x00000000ffff8001 is an unallocated location in the heap
R12=0x00007f6df0568a50 is an unknown value
R13=0x0000000000000000 is an unknown value
R14=0x0000000000000000 is an unknown value
R15=0x00007f6df0568a50 is an unknown value


Stack: [0x00007f6e2ab9d000,0x00007f6e2ac9e000],  sp=0x00007f6e2ac99480,  free space=1009k
Native frames: (J=compiled Java code, j=interpreted, Vv=VM code, C=native code)
C  [libtesseract.so.3.0.4+0x9dac7]  tesseract::Tesseract::recog_all_words(PAGE_RES*, ETEXT_DESC*, TBOX const*, char const*, int)+0x5e7

Java frames: (J=compiled Java code, j=interpreted, Vv=VM code)
j  com.sun.jna.Native.invokePointer(JI[Ljava/lang/Object;)J+0
j  com.sun.jna.Function.invokePointer(I[Ljava/lang/Object;)Lcom/sun/jna/Pointer;+6
j  com.sun.jna.Function.invoke([Ljava/lang/Object;Ljava/lang/Class;Z)Ljava/lang/Object;+426
j  com.sun.jna.Function.invoke(Ljava/lang/Class;[Ljava/lang/Object;Ljava/util/Map;)Ljava/lang/Object;+262
j  com.sun.jna.Library$Handler.invoke(Ljava/lang/Object;Ljava/lang/reflect/Method;[Ljava/lang/Object;)Ljava/lang/Object;+316
j  com.sun.proxy.$Proxy0.TessBaseAPIGetUTF8Text(Lnet/sourceforge/tess4j/ITessAPI$TessBaseAPI;)Lcom/sun/jna/Pointer;+16
j  net.sourceforge.tess4j.Tesseract.getOCRText(Ljava/lang/String;I)Ljava/lang/String;+62
j  net.sourceforge.tess4j.Tesseract.doOCR(Ljava/util/List;Ljava/lang/String;Ljava/awt/Rectangle;)Ljava/lang/String;+69
j  net.sourceforge.tess4j.Tesseract.doOCR(Ljava/util/List;Ljava/awt/Rectangle;)Ljava/lang/String;+4
j  net.sourceforge.tess4j.Tesseract.doOCR(Ljava/awt/image/BufferedImage;Ljava/awt/Rectangle;)Ljava/lang/String;+6
j  net.sourceforge.tess4j.Tesseract.doOCR(Ljava/awt/image/BufferedImage;)Ljava/lang/String;+3
j  com.lehsten.edmund.window.NewImageWindow$2.actionPerformed(Ljava/awt/event/ActionEvent;)V+53
j  javax.swing.AbstractButton.fireActionPerformed(Ljava/awt/event/ActionEvent;)V+83
j  javax.swing.AbstractButton$Handler.actionPerformed(Ljava/awt/event/ActionEvent;)V+5
j  javax.swing.DefaultButtonModel.fireActionPerformed(Ljava/awt/event/ActionEvent;)V+34
j  javax.swing.DefaultButtonModel.setPressed(Z)V+117
j  javax.swing.plaf.basic.BasicButtonListener.mouseReleased(Ljava/awt/event/MouseEvent;)V+35
j  java.awt.Component.processMouseEvent(Ljava/awt/event/MouseEvent;)V+64
j  javax.swing.JComponent.processMouseEvent(Ljava/awt/event/MouseEvent;)V+23
J 1285 C1 java.awt.Component.processEvent(Ljava/awt/AWTEvent;)V (220 bytes) @ 0x00007f6e3cc0145c [0x00007f6e3cc00f40+0x51c]
J 1284 C1 java.awt.Container.processEvent(Ljava/awt/AWTEvent;)V (22 bytes) @ 0x00007f6e3cbfd704 [0x00007f6e3cbfd3e0+0x324]
J 864 C1 java.awt.Component.dispatchEventImpl(Ljava/awt/AWTEvent;)V (883 bytes) @ 0x00007f6e3ca9d7dc [0x00007f6e3ca98340+0x549c]
J 891 C1 java.awt.Container.dispatchEventImpl(Ljava/awt/AWTEvent;)V (129 bytes) @ 0x00007f6e3caaeea4 [0x00007f6e3caaed60+0x144]
J 1384 C1 java.awt.LightweightDispatcher.retargetMouseEvent(Ljava/awt/Component;ILjava/awt/event/MouseEvent;)V (350 bytes) @ 0x00007f6e3cc498b4 [0x00007f6e3cc47360+0x2554]
J 1565 C1 java.awt.LightweightDispatcher.processMouseEvent(Ljava/awt/event/MouseEvent;)Z (286 bytes) @ 0x00007f6e3cccc93c [0x00007f6e3cccb240+0x16fc]
J 1258 C1 java.awt.LightweightDispatcher.dispatchEvent(Ljava/awt/AWTEvent;)Z (73 bytes) @ 0x00007f6e3cbdf974 [0x00007f6e3cbdf540+0x434]
J 891 C1 java.awt.Container.dispatchEventImpl(Ljava/awt/AWTEvent;)V (129 bytes) @ 0x00007f6e3caaee44 [0x00007f6e3caaed60+0xe4]
J 1154 C1 java.awt.Window.dispatchEventImpl(Ljava/awt/AWTEvent;)V (23 bytes) @ 0x00007f6e3cb96584 [0x00007f6e3cb95fa0+0x5e4]
J 1271 C1 java.awt.EventQueue.dispatchEventImpl(Ljava/awt/AWTEvent;Ljava/lang/Object;)V (149 bytes) @ 0x00007f6e3cbf61ac [0x00007f6e3cbf4980+0x182c]
J 1269 C1 java.awt.EventQueue$3.run()Ljava/lang/Void; (60 bytes) @ 0x00007f6e3cbf3d84 [0x00007f6e3cbf3b80+0x204]
J 1075 C1 java.awt.EventQueue$3.run()Ljava/lang/Object; (5 bytes) @ 0x00007f6e3cb5d08c [0x00007f6e3cb5d000+0x8c]
v  ~StubRoutines::call_stub
J 531  java.security.AccessController.doPrivileged(Ljava/security/PrivilegedAction;Ljava/security/AccessControlContext;)Ljava/lang/Object; (0 bytes) @ 0x00007f6e3c9dbca3 [0x00007f6e3c9dbc40+0x63]
J 912 C1 java.awt.EventQueue$4.run()Ljava/lang/Object; (5 bytes) @ 0x00007f6e3cad91a4 [0x00007f6e3cad8d80+0x424]
v  ~StubRoutines::call_stub
J 531  java.security.AccessController.doPrivileged(Ljava/security/PrivilegedAction;Ljava/security/AccessControlContext;)Ljava/lang/Object; (0 bytes) @ 0x00007f6e3c9dbca3 [0x00007f6e3c9dbc40+0x63]
J 856 C1 java.awt.EventQueue.dispatchEvent(Ljava/awt/AWTEvent;)V (80 bytes) @ 0x00007f6e3ca91a34 [0x00007f6e3ca90bc0+0xe74]
J 860 C1 java.awt.EventDispatchThread.pumpOneEventForFilters(I)V (295 bytes) @ 0x00007f6e3ca94794 [0x00007f6e3ca92c40+0x1b54]
j  java.awt.EventDispatchThread.pumpEventsForFilter(ILjava/awt/Conditional;Ljava/awt/EventFilter;)V+35
j  java.awt.EventDispatchThread.pumpEventsForHierarchy(ILjava/awt/Conditional;Ljava/awt/Component;)V+11
j  java.awt.EventDispatchThread.pumpEvents(ILjava/awt/Conditional;)V+4
j  java.awt.EventDispatchThread.pumpEvents(Ljava/awt/Conditional;)V+3
j  java.awt.EventDispatchThread.run()V+9
v  ~StubRoutines::call_stub

---------------  P R O C E S S  ---------------

Java Threads: ( => current thread )
  0x00007f6df001a800 JavaThread "TimerQueue" daemon [_thread_blocked, id=16016, stack(0x00007f6e2a271000,0x00007f6e2a372000)]
  0x00007f6e4c00a800 JavaThread "DestroyJavaVM" [_thread_blocked, id=15993, stack(0x00007f6e52f3d000,0x00007f6e5303e000)]
=>0x00007f6e4c2db800 JavaThread "AWT-EventQueue-0" [_thread_in_native, id=16013, stack(0x00007f6e2ab9d000,0x00007f6e2ac9e000)]
  0x00007f6e4c2d9800 JavaThread "AWT-Shutdown" [_thread_blocked, id=16012, stack(0x00007f6e2ac9e000,0x00007f6e2ad9f000)]
  0x00007f6e4c266800 JavaThread "AWT-XAWT" daemon [_thread_in_native, id=16011, stack(0x00007f6e2ad9f000,0x00007f6e2aea0000)]
  0x00007f6e4c240800 JavaThread "Java2D Disposer" daemon [_thread_blocked, id=16010, stack(0x00007f6e38034000,0x00007f6e38135000)]
  0x00007f6e4c0bb000 JavaThread "Service Thread" daemon [_thread_blocked, id=16008, stack(0x00007f6e39118000,0x00007f6e39219000)]
  0x00007f6e4c0b3800 JavaThread "C1 CompilerThread2" daemon [_thread_blocked, id=16007, stack(0x00007f6e39219000,0x00007f6e3931a000)]
  0x00007f6e4c0b1800 JavaThread "C2 CompilerThread1" daemon [_thread_blocked, id=16006, stack(0x00007f6e3931a000,0x00007f6e3941b000)]
  0x00007f6e4c0af000 JavaThread "C2 CompilerThread0" daemon [_thread_blocked, id=16005, stack(0x00007f6e3941b000,0x00007f6e3951c000)]
  0x00007f6e4c0ac800 JavaThread "Signal Dispatcher" daemon [_thread_blocked, id=16004, stack(0x00007f6e3951c000,0x00007f6e3961d000)]
  0x00007f6e4c084800 JavaThread "Finalizer" daemon [_thread_blocked, id=16003, stack(0x00007f6e39a73000,0x00007f6e39b74000)]
  0x00007f6e4c080000 JavaThread "Reference Handler" daemon [_thread_blocked, id=16002, stack(0x00007f6e39b74000,0x00007f6e39c75000)]

Other Threads:
  0x00007f6e4c078000 VMThread [stack: 0x00007f6e39c75000,0x00007f6e39d76000] [id=16001]
  0x00007f6e4c0bd000 WatcherThread [stack: 0x00007f6e39017000,0x00007f6e39118000] [id=16009]

VM state:not at safepoint (normal execution)

VM Mutex/Monitor currently owned by a thread: None

Heap:
 PSYoungGen      total 223744K, used 56177K [0x00000000d6f00000, 0x00000000ec580000, 0x0000000100000000)
  eden space 221184K, 25% used [0x00000000d6f00000,0x00000000da5dc718,0x00000000e4700000)
  from space 2560K, 0% used [0x00000000e4700000,0x00000000e4700000,0x00000000e4980000)
  to   space 2048K, 0% used [0x00000000ec380000,0x00000000ec380000,0x00000000ec580000)
 ParOldGen       total 181248K, used 73113K [0x0000000084c00000, 0x000000008fd00000, 0x00000000d6f00000)
  object space 181248K, 40% used [0x0000000084c00000,0x0000000089366748,0x000000008fd00000)
 Metaspace       used 20150K, capacity 20408K, committed 20608K, reserved 1067008K
  class space    used 2473K, capacity 2574K, committed 2688K, reserved 1048576K

Card table byte_map: [0x00007f6e3c025000,0x00007f6e3c400000] byte_map_base: 0x00007f6e3bbff000

Marking Bits: (ParMarkBitMap*) 0x00007f6e522152c0
 Begin Bits: [0x00007f6e30260000, 0x00007f6e32130000)
 End Bits:   [0x00007f6e32130000, 0x00007f6e34000000)

Polling page: 0x00007f6e53068000

CodeCache: size=245760Kb used=6951Kb max_used=6958Kb free=238808Kb
 bounds [0x00007f6e3c7c0000, 0x00007f6e3ce90000, 0x00007f6e4b7c0000]
 total_blobs=2661 nmethods=2052 adapters=523
 compilation: enabled

Compilation events (10 events):
Event: 31,636 Thread 0x00007f6e4c0af000 2061       4       sun.reflect.ClassFileAssembler::emitByte (11 bytes)
Event: 31,636 Thread 0x00007f6e4c0b1800 2062       4       sun.reflect.ByteVectorImpl::add (38 bytes)
Event: 31,636 Thread 0x00007f6e4c0b3800 nmethod 2057 0x00007f6e3ce82ed0 code [0x00007f6e3ce83040, 0x00007f6e3ce83390]
Event: 31,636 Thread 0x00007f6e4c0b3800 2058       3       sun.reflect.UTF8::utf8Length (81 bytes)
Event: 31,636 Thread 0x00007f6e4c0b3800 nmethod 2058 0x00007f6e3ce8aa90 code [0x00007f6e3ce8ac40, 0x00007f6e3ce8b2c8]
Event: 31,636 Thread 0x00007f6e4c0b3800 2059   !   3       sun.reflect.UTF8::encode (191 bytes)
Event: 31,637 Thread 0x00007f6e4c0b1800 nmethod 2062 0x00007f6e3ce8e290 code [0x00007f6e3ce8e3e0, 0x00007f6e3ce8e4e8]
Event: 31,637 Thread 0x00007f6e4c0b3800 nmethod 2059 0x00007f6e3ce8d190 code [0x00007f6e3ce8d380, 0x00007f6e3ce8dc88]
Event: 31,637 Thread 0x00007f6e4c0b3800 2060       3       sun.reflect.ClassFileAssembler::emitConstantPoolUTF8 (50 bytes)
Event: 31,637 Thread 0x00007f6e4c0af000 nmethod 2061 0x00007f6e3ce8b850 code [0x00007f6e3ce8b9c0, 0x00007f6e3ce8bb08]

GC Heap History (10 events):
Event: 27,450 GC heap before
{Heap before GC invocations=7 (full 1):
 PSYoungGen      total 65536K, used 60448K [0x00000000d6f00000, 0x00000000de600000, 0x0000000100000000)
  eden space 60416K, 100% used [0x00000000d6f00000,0x00000000daa00000,0x00000000daa00000)
  from space 5120K, 0% used [0x00000000daa00000,0x00000000daa08000,0x00000000daf00000)
  to   space 3072K, 0% used [0x00000000de300000,0x00000000de300000,0x00000000de600000)
 ParOldGen       total 110080K, used 46954K [0x0000000084c00000, 0x000000008b780000, 0x00000000d6f00000)
  object space 110080K, 42% used [0x0000000084c00000,0x00000000879dab18,0x000000008b780000)
 Metaspace       used 15450K, capacity 15666K, committed 15872K, reserved 1062912K
  class space    used 1856K, capacity 1933K, committed 2048K, reserved 1048576K
Event: 27,451 GC heap after
Heap after GC invocations=7 (full 1):
 PSYoungGen      total 117760K, used 64K [0x00000000d6f00000, 0x00000000de500000, 0x0000000100000000)
  eden space 115712K, 0% used [0x00000000d6f00000,0x00000000d6f00000,0x00000000de000000)
  from space 2048K, 3% used [0x00000000de300000,0x00000000de310000,0x00000000de500000)
  to   space 2560K, 0% used [0x00000000de000000,0x00000000de000000,0x00000000de280000)
 ParOldGen       total 110080K, used 46954K [0x0000000084c00000, 0x000000008b780000, 0x00000000d6f00000)
  object space 110080K, 42% used [0x0000000084c00000,0x00000000879dab18,0x000000008b780000)
 Metaspace       used 15450K, capacity 15666K, committed 15872K, reserved 1062912K
  class space    used 1856K, capacity 1933K, committed 2048K, reserved 1048576K
}
Event: 27,587 GC heap before
{Heap before GC invocations=8 (full 1):
 PSYoungGen      total 117760K, used 115776K [0x00000000d6f00000, 0x00000000de500000, 0x0000000100000000)
  eden space 115712K, 100% used [0x00000000d6f00000,0x00000000de000000,0x00000000de000000)
  from space 2048K, 3% used [0x00000000de300000,0x00000000de310000,0x00000000de500000)
  to   space 2560K, 0% used [0x00000000de000000,0x00000000de000000,0x00000000de280000)
 ParOldGen       total 110080K, used 46954K [0x0000000084c00000, 0x000000008b780000, 0x00000000d6f00000)
  object space 110080K, 42% used [0x0000000084c00000,0x00000000879dab18,0x000000008b780000)
 Metaspace       used 15450K, capacity 15666K, committed 15872K, reserved 1062912K
  class space    used 1856K, capacity 1933K, committed 2048K, reserved 1048576K
Event: 27,589 GC heap after
Heap after GC invocations=8 (full 1):
 PSYoungGen      total 118272K, used 64K [0x00000000d6f00000, 0x00000000e4c80000, 0x0000000100000000)
  eden space 115712K, 0% used [0x00000000d6f00000,0x00000000d6f00000,0x00000000de000000)
  from space 2560K, 2% used [0x00000000de000000,0x00000000de010000,0x00000000de280000)
  to   space 2560K, 0% used [0x00000000e4a00000,0x00000000e4a00000,0x00000000e4c80000)
 ParOldGen       total 110080K, used 46970K [0x0000000084c00000, 0x000000008b780000, 0x00000000d6f00000)
  object space 110080K, 42% used [0x0000000084c00000,0x00000000879deb18,0x000000008b780000)
 Metaspace       used 15450K, capacity 15666K, committed 15872K, reserved 1062912K
  class space    used 1856K, capacity 1933K, committed 2048K, reserved 1048576K
}
Event: 27,743 GC heap before
{Heap before GC invocations=9 (full 1):
 PSYoungGen      total 118272K, used 106233K [0x00000000d6f00000, 0x00000000e4c80000, 0x0000000100000000)
  eden space 115712K, 91% used [0x00000000d6f00000,0x00000000dd6ae640,0x00000000de000000)
  from space 2560K, 2% used [0x00000000de000000,0x00000000de010000,0x00000000de280000)
  to   space 2560K, 0% used [0x00000000e4a00000,0x00000000e4a00000,0x00000000e4c80000)
 ParOldGen       total 110080K, used 46970K [0x0000000084c00000, 0x000000008b780000, 0x00000000d6f00000)
  object space 110080K, 42% used [0x0000000084c00000,0x00000000879deb18,0x000000008b780000)
 Metaspace       used 15450K, capacity 15666K, committed 15872K, reserved 1062912K
  class space    used 1856K, capacity 1933K, committed 2048K, reserved 1048576K
Event: 27,745 GC heap after
Heap after GC invocations=9 (full 1):
 PSYoungGen      total 223232K, used 128K [0x00000000d6f00000, 0x00000000e4c00000, 0x0000000100000000)
  eden space 221184K, 0% used [0x00000000d6f00000,0x00000000d6f00000,0x00000000e4700000)
  from space 2048K, 6% used [0x00000000e4a00000,0x00000000e4a20000,0x00000000e4c00000)
  to   space 2560K, 0% used [0x00000000e4700000,0x00000000e4700000,0x00000000e4980000)
 ParOldGen       total 110080K, used 46970K [0x0000000084c00000, 0x000000008b780000, 0x00000000d6f00000)
  object space 110080K, 42% used [0x0000000084c00000,0x00000000879deb18,0x000000008b780000)
 Metaspace       used 15450K, capacity 15666K, committed 15872K, reserved 1062912K
  class space    used 1856K, capacity 1933K, committed 2048K, reserved 1048576K
}
Event: 28,282 GC heap before
{Heap before GC invocations=10 (full 1):
 PSYoungGen      total 223232K, used 221312K [0x00000000d6f00000, 0x00000000e4c00000, 0x0000000100000000)
  eden space 221184K, 100% used [0x00000000d6f00000,0x00000000e4700000,0x00000000e4700000)
  from space 2048K, 6% used [0x00000000e4a00000,0x00000000e4a20000,0x00000000e4c00000)
  to   space 2560K, 0% used [0x00000000e4700000,0x00000000e4700000,0x00000000e4980000)
 ParOldGen       total 110080K, used 46970K [0x0000000084c00000, 0x000000008b780000, 0x00000000d6f00000)
  object space 110080K, 42% used [0x0000000084c00000,0x00000000879deb18,0x000000008b780000)
 Metaspace       used 15534K, capacity 15730K, committed 16128K, reserved 1062912K
  class space    used 1861K, capacity 1933K, committed 2048K, reserved 1048576K
Event: 28,305 GC heap after
Heap after GC invocations=10 (full 1):
 PSYoungGen      total 223744K, used 160K [0x00000000d6f00000, 0x00000000ec580000, 0x0000000100000000)
  eden space 221184K, 0% used [0x00000000d6f00000,0x00000000d6f00000,0x00000000e4700000)
  from space 2560K, 6% used [0x00000000e4700000,0x00000000e4728000,0x00000000e4980000)
  to   space 2048K, 0% used [0x00000000ec380000,0x00000000ec380000,0x00000000ec580000)
 ParOldGen       total 181760K, used 153488K [0x0000000084c00000, 0x000000008fd80000, 0x00000000d6f00000)
  object space 181760K, 84% used [0x0000000084c00000,0x000000008e1e4080,0x000000008fd80000)
 Metaspace       used 15534K, capacity 15730K, committed 16128K, reserved 1062912K
  class space    used 1861K, capacity 1933K, committed 2048K, reserved 1048576K
}
Event: 28,305 GC heap before
{Heap before GC invocations=11 (full 2):
 PSYoungGen      total 223744K, used 160K [0x00000000d6f00000, 0x00000000ec580000, 0x0000000100000000)
  eden space 221184K, 0% used [0x00000000d6f00000,0x00000000d6f00000,0x00000000e4700000)
  from space 2560K, 6% used [0x00000000e4700000,0x00000000e4728000,0x00000000e4980000)
  to   space 2048K, 0% used [0x00000000ec380000,0x00000000ec380000,0x00000000ec580000)
 ParOldGen       total 181760K, used 153488K [0x0000000084c00000, 0x000000008fd80000, 0x00000000d6f00000)
  object space 181760K, 84% used [0x0000000084c00000,0x000000008e1e4080,0x000000008fd80000)
 Metaspace       used 15534K, capacity 15730K, committed 16128K, reserved 1062912K
  class space    used 1861K, capacity 1933K, committed 2048K, reserved 1048576K
Event: 28,328 GC heap after
Heap after GC invocations=11 (full 2):
 PSYoungGen      total 223744K, used 0K [0x00000000d6f00000, 0x00000000ec580000, 0x0000000100000000)
  eden space 221184K, 0% used [0x00000000d6f00000,0x00000000d6f00000,0x00000000e4700000)
  from space 2560K, 0% used [0x00000000e4700000,0x00000000e4700000,0x00000000e4980000)
  to   space 2048K, 0% used [0x00000000ec380000,0x00000000ec380000,0x00000000ec580000)
 ParOldGen       total 181248K, used 73113K [0x0000000084c00000, 0x000000008fd00000, 0x00000000d6f00000)
  object space 181248K, 40% used [0x0000000084c00000,0x0000000089366748,0x000000008fd00000)
 Metaspace       used 15534K, capacity 15730K, committed 16128K, reserved 1062912K
  class space    used 1861K, capacity 1933K, committed 2048K, reserved 1048576K
}

Deoptimization events (10 events):
Event: 31,400 Thread 0x00007f6e4c2db800 Uncommon trap: reason=class_check action=maybe_recompile pc=0x00007f6e3cca28f0 method=java.io.BufferedInputStream.fill()V @ 214
Event: 31,413 Thread 0x00007f6e4c2db800 Uncommon trap: reason=unstable_if action=reinterpret pc=0x00007f6e3ca1953c method=java.lang.String.replace(CC)Ljava/lang/String; @ 26
Event: 31,435 Thread 0x00007f6e4c2db800 Uncommon trap: reason=bimorphic action=maybe_recompile pc=0x00007f6e3cdfe6ac method=java.util.HashMap.putVal(ILjava/lang/Object;Ljava/lang/Object;ZZ)Ljava/lang/Object; @ 253
Event: 31,435 Thread 0x00007f6e4c2db800 Uncommon trap: reason=bimorphic action=maybe_recompile pc=0x00007f6e3cdfe6ac method=java.util.HashMap.putVal(ILjava/lang/Object;Ljava/lang/Object;ZZ)Ljava/lang/Object; @ 253
Event: 31,435 Thread 0x00007f6e4c2db800 Uncommon trap: reason=bimorphic action=maybe_recompile pc=0x00007f6e3cdfe6ac method=java.util.HashMap.putVal(ILjava/lang/Object;Ljava/lang/Object;ZZ)Ljava/lang/Object; @ 253
Event: 31,435 Thread 0x00007f6e4c2db800 Uncommon trap: reason=bimorphic action=maybe_recompile pc=0x00007f6e3cdfe6ac method=java.util.HashMap.putVal(ILjava/lang/Object;Ljava/lang/Object;ZZ)Ljava/lang/Object; @ 253
Event: 31,484 Thread 0x00007f6e4c266800 Uncommon trap: reason=unstable_if action=reinterpret pc=0x00007f6e3ca88948 method=sun.util.logging.PlatformLogger.isLoggable(Lsun/util/logging/PlatformLogger$Level;)Z @ 18
Event: 31,530 Thread 0x00007f6e4c2db800 Uncommon trap: reason=unstable_if action=reinterpret pc=0x00007f6e3ca2a9c4 method=java.util.HashMap.getNode(ILjava/lang/Object;)Ljava/util/HashMap$Node; @ 62
Event: 31,530 Thread 0x00007f6e4c2db800 Uncommon trap: reason=unstable_if action=reinterpret pc=0x00007f6e3ce1d34c method=java.util.HashMap.putVal(ILjava/lang/Object;Ljava/lang/Object;ZZ)Ljava/lang/Object; @ 94
Event: 31,531 Thread 0x00007f6e4c2db800 Uncommon trap: reason=unstable_if action=reinterpret pc=0x00007f6e3ca00f90 method=java.util.HashMap.getNode(ILjava/lang/Object;)Ljava/util/HashMap$Node; @ 62

Internal exceptions (10 events):
Event: 0,213 Thread 0x00007f6e4c00a800 Exception <a 'java/lang/NoSuchFieldError': method resolution failed> (0x00000000d710f330) thrown at [/build/openjdk-8-aSS7v6/openjdk-8-8u131-b11/src/hotspot/src/share/vm/prims/methodHandles.cpp, line 1146]
Event: 0,243 Thread 0x00007f6e4c00a800 Exception <a 'java/io/FileNotFoundException'> (0x00000000d718dfa0) thrown at [/build/openjdk-8-aSS7v6/openjdk-8-8u131-b11/src/hotspot/src/share/vm/prims/jni.cpp, line 709]
Event: 0,243 Thread 0x00007f6e4c00a800 Exception <a 'java/io/FileNotFoundException'> (0x00000000d718e9a8) thrown at [/build/openjdk-8-aSS7v6/openjdk-8-8u131-b11/src/hotspot/src/share/vm/prims/jni.cpp, line 709]
Event: 0,259 Thread 0x00007f6e4c00a800 Exception <a 'java/lang/ClassNotFoundException': sun/dc/DuctusRenderingEngine> (0x00000000d71a7238) thrown at [/build/openjdk-8-aSS7v6/openjdk-8-8u131-b11/src/hotspot/src/share/vm/classfile/systemDictionary.cpp, line 210]
Event: 0,597 Thread 0x00007f6e4c2db800 Exception <a 'java/lang/UnsupportedOperationException': > (0x00000000d74179e8) thrown at [/build/openjdk-8-aSS7v6/openjdk-8-8u131-b11/src/hotspot/src/share/vm/prims/jni.cpp, line 735]
Event: 8,206 Thread 0x00007f6e4c2db800 Exception <a 'java/lang/UnsupportedOperationException': > (0x00000000d78fb350) thrown at [/build/openjdk-8-aSS7v6/openjdk-8-8u131-b11/src/hotspot/src/share/vm/prims/jni.cpp, line 735]
Event: 31,268 Thread 0x00007f6e4c2db800 Implicit null exception at 0x00007f6e3ccd90d7 to 0x00007f6e3ccd9de6
Event: 31,273 Thread 0x00007f6e4c2db800 Exception <a 'java/io/FileNotFoundException'> (0x00000000d90e9108) thrown at [/build/openjdk-8-aSS7v6/openjdk-8-8u131-b11/src/hotspot/src/share/vm/prims/jni.cpp, line 709]
Event: 31,453 Thread 0x00007f6e4c2db800 Exception <a 'java/lang/UnsatisfiedLinkError': libtesseract.so: cannot open shared object file: No such file or directory> (0x00000000d99311b8) thrown at [/build/openjdk-8-aSS7v6/openjdk-8-8u131-b11/src/hotspot/src/share/vm/prims/jni.cpp, line 735]
Event: 31,454 Thread 0x00007f6e4c2db800 Exception <a 'java/lang/UnsatisfiedLinkError': libtesseract.so: cannot open shared object file: No such file or directory> (0x00000000d9932620) thrown at [/build/openjdk-8-aSS7v6/openjdk-8-8u131-b11/src/hotspot/src/share/vm/prims/jni.cpp, line 735]

Events (10 events):
Event: 31,630 loading class java/awt/image/DataBufferUShort
Event: 31,630 loading class java/awt/image/DataBufferUShort done
Event: 31,630 loading class java/awt/image/DataBufferShort
Event: 31,630 loading class java/awt/image/DataBufferShort done
Event: 31,632 loading class javax/imageio/ImageTypeSpecifier$Interleaved
Event: 31,632 loading class javax/imageio/ImageTypeSpecifier$Interleaved done
Event: 31,632 loading class sun/awt/image/ShortComponentRaster
Event: 31,632 loading class sun/awt/image/ShortComponentRaster done
Event: 31,635 loading class com/sun/jna/Native$Buffers
Event: 31,635 loading class com/sun/jna/Native$Buffers done


Dynamic libraries:
00400000-00401000 r-xp 00000000 08:01 37097942                           /usr/lib/jvm/java-8-openjdk-amd64/jre/bin/java
00600000-00601000 r--p 00000000 08:01 37097942                           /usr/lib/jvm/java-8-openjdk-amd64/jre/bin/java
00601000-00602000 rw-p 00001000 08:01 37097942                           /usr/lib/jvm/java-8-openjdk-amd64/jre/bin/java
017ac000-017cd000 rw-p 00000000 00:00 0                                  [heap]
84c00000-8fd00000 rw-p 00000000 00:00 0 
8fd00000-d6f00000 ---p 00000000 00:00 0 
d6f00000-ec580000 rw-p 00000000 00:00 0 
ec580000-100000000 ---p 00000000 00:00 0 
100000000-1002a0000 rw-p 00000000 00:00 0 
1002a0000-140000000 ---p 00000000 00:00 0 
7f6dd7aa8000-7f6dd9d54000 rw-s 00000000 00:05 11173921                   /SYSV00000000 (deleted)
7f6ddc000000-7f6ddc021000 rw-p 00000000 00:00 0 
7f6ddc021000-7f6de0000000 ---p 00000000 00:00 0 
7f6de0000000-7f6de0021000 rw-p 00000000 00:00 0 
7f6de0021000-7f6de4000000 ---p 00000000 00:00 0 
7f6de4000000-7f6de4021000 rw-p 00000000 00:00 0 
7f6de4021000-7f6de8000000 ---p 00000000 00:00 0 
7f6de8bcf000-7f6de8bda000 r-xp 00000000 08:01 36184446                   /usr/lib/x86_64-linux-gnu/libjbig.so.0
7f6de8bda000-7f6de8dd9000 ---p 0000b000 08:01 36184446                   /usr/lib/x86_64-linux-gnu/libjbig.so.0
7f6de8dd9000-7f6de8dda000 r--p 0000a000 08:01 36184446                   /usr/lib/x86_64-linux-gnu/libjbig.so.0
7f6de8dda000-7f6de8ddd000 rw-p 0000b000 08:01 36184446                   /usr/lib/x86_64-linux-gnu/libjbig.so.0
7f6de8ddd000-7f6de8dfe000 r-xp 00000000 08:01 1839495                    /lib/x86_64-linux-gnu/liblzma.so.5.0.0
7f6de8dfe000-7f6de8ffd000 ---p 00021000 08:01 1839495                    /lib/x86_64-linux-gnu/liblzma.so.5.0.0
7f6de8ffd000-7f6de8ffe000 r--p 00020000 08:01 1839495                    /lib/x86_64-linux-gnu/liblzma.so.5.0.0
7f6de8ffe000-7f6de8fff000 rw-p 00021000 08:01 1839495                    /lib/x86_64-linux-gnu/liblzma.so.5.0.0
7f6de8fff000-7f6dec000000 rw-p 00000000 00:00 0 
7f6dec000000-7f6dec021000 rw-p 00000000 00:00 0 
7f6dec021000-7f6df0000000 ---p 00000000 00:00 0 
7f6df0000000-7f6df061b000 rw-p 00000000 00:00 0 
7f6df061b000-7f6df4000000 ---p 00000000 00:00 0 
7f6df4000000-7f6df4021000 rw-p 00000000 00:00 0 
7f6df4021000-7f6df8000000 ---p 00000000 00:00 0 
7f6df8000000-7f6df8021000 rw-p 00000000 00:00 0 
7f6df8021000-7f6dfc000000 ---p 00000000 00:00 0 
7f6dfc000000-7f6dfc021000 rw-p 00000000 00:00 0 
7f6dfc021000-7f6e00000000 ---p 00000000 00:00 0 
7f6e00000000-7f6e00021000 rw-p 00000000 00:00 0 
7f6e00021000-7f6e04000000 ---p 00000000 00:00 0 
7f6e04000000-7f6e043d8000 rw-p 00000000 00:00 0 
7f6e043d8000-7f6e08000000 ---p 00000000 00:00 0 
7f6e08000000-7f6e0866d000 rw-p 00000000 00:00 0 
7f6e0866d000-7f6e0c000000 ---p 00000000 00:00 0 
7f6e0c000000-7f6e0c021000 rw-p 00000000 00:00 0 
7f6e0c021000-7f6e10000000 ---p 00000000 00:00 0 
7f6e10000000-7f6e1032e000 rw-p 00000000 00:00 0 
7f6e1032e000-7f6e14000000 ---p 00000000 00:00 0 
7f6e14000000-7f6e14021000 rw-p 00000000 00:00 0 
7f6e14021000-7f6e18000000 ---p 00000000 00:00 0 
7f6e18000000-7f6e18021000 rw-p 00000000 00:00 0 
7f6e18021000-7f6e1c000000 ---p 00000000 00:00 0 
7f6e1c000000-7f6e1c021000 rw-p 00000000 00:00 0 
7f6e1c021000-7f6e20000000 ---p 00000000 00:00 0 
7f6e20000000-7f6e20021000 rw-p 00000000 00:00 0 
7f6e20021000-7f6e24000000 ---p 00000000 00:00 0 
7f6e24000000-7f6e24021000 rw-p 00000000 00:00 0 
7f6e24021000-7f6e28000000 ---p 00000000 00:00 0 
7f6e2814c000-7f6e28182000 r-xp 00000000 08:01 36187570                   /usr/lib/x86_64-linux-gnu/libopenjp2.so.2.1.0
7f6e28182000-7f6e28381000 ---p 00036000 08:01 36187570                   /usr/lib/x86_64-linux-gnu/libopenjp2.so.2.1.0
7f6e28381000-7f6e28382000 r--p 00035000 08:01 36187570                   /usr/lib/x86_64-linux-gnu/libopenjp2.so.2.1.0
7f6e28382000-7f6e28383000 rw-p 00036000 08:01 36187570                   /usr/lib/x86_64-linux-gnu/libopenjp2.so.2.1.0
7f6e28383000-7f6e283dc000 r-xp 00000000 08:01 36184998                   /usr/lib/x86_64-linux-gnu/libwebp.so.5.0.4
7f6e283dc000-7f6e285dc000 ---p 00059000 08:01 36184998                   /usr/lib/x86_64-linux-gnu/libwebp.so.5.0.4
7f6e285dc000-7f6e285dd000 r--p 00059000 08:01 36184998                   /usr/lib/x86_64-linux-gnu/libwebp.so.5.0.4
7f6e285dd000-7f6e285df000 rw-p 0005a000 08:01 36184998                   /usr/lib/x86_64-linux-gnu/libwebp.so.5.0.4
7f6e285df000-7f6e2864f000 r-xp 00000000 08:01 36190137                   /usr/lib/x86_64-linux-gnu/libtiff.so.5.2.4
7f6e2864f000-7f6e2884f000 ---p 00070000 08:01 36190137                   /usr/lib/x86_64-linux-gnu/libtiff.so.5.2.4
7f6e2884f000-7f6e28850000 r--p 00070000 08:01 36190137                   /usr/lib/x86_64-linux-gnu/libtiff.so.5.2.4
7f6e28850000-7f6e28853000 rw-p 00071000 08:01 36190137                   /usr/lib/x86_64-linux-gnu/libtiff.so.5.2.4
7f6e28853000-7f6e288aa000 r-xp 00000000 08:01 36184450                   /usr/lib/x86_64-linux-gnu/libjpeg.so.8.0.2
7f6e288aa000-7f6e28aaa000 ---p 00057000 08:01 36184450                   /usr/lib/x86_64-linux-gnu/libjpeg.so.8.0.2
7f6e28aaa000-7f6e28aab000 r--p 00057000 08:01 36184450                   /usr/lib/x86_64-linux-gnu/libjpeg.so.8.0.2
7f6e28aab000-7f6e28aac000 rw-p 00058000 08:01 36184450                   /usr/lib/x86_64-linux-gnu/libjpeg.so.8.0.2
7f6e28aac000-7f6e28ce9000 r-xp 00000000 08:01 36176287                   /usr/lib/liblept.so.5.0.0
7f6e28ce9000-7f6e28ee8000 ---p 0023d000 08:01 36176287                   /usr/lib/liblept.so.5.0.0
7f6e28ee8000-7f6e28ee9000 r--p 0023c000 08:01 36176287                   /usr/lib/liblept.so.5.0.0
7f6e28ee9000-7f6e28eef000 rw-p 0023d000 08:01 36176287                   /usr/lib/liblept.so.5.0.0
7f6e28eef000-7f6e291d8000 r-xp 00000000 08:01 36176289                   /usr/lib/libtesseract.so.3.0.4
7f6e291d8000-7f6e293d8000 ---p 002e9000 08:01 36176289                   /usr/lib/libtesseract.so.3.0.4
7f6e293d8000-7f6e293dc000 r--p 002e9000 08:01 36176289                   /usr/lib/libtesseract.so.3.0.4
7f6e293dc000-7f6e293dd000 rw-p 002ed000 08:01 36176289                   /usr/lib/libtesseract.so.3.0.4
7f6e293dd000-7f6e29671000 rw-p 00000000 00:00 0 
7f6e29671000-7f6e29688000 r-xp 00000000 08:01 29889442                   /tmp/jna-3108481/jna5370873709314618331.tmp (deleted)
7f6e29688000-7f6e29787000 ---p 00017000 08:01 29889442                   /tmp/jna-3108481/jna5370873709314618331.tmp (deleted)
7f6e29787000-7f6e29789000 rw-p 00016000 08:01 29889442                   /tmp/jna-3108481/jna5370873709314618331.tmp (deleted)
7f6e29789000-7f6e29909000 rw-p 00000000 00:00 0 
7f6e29909000-7f6e29989000 ---p 00000000 00:00 0 
7f6e29989000-7f6e29b89000 rw-p 00000000 00:00 0 
7f6e29b89000-7f6e29c6e000 r-xp 00000000 08:01 37097901                   /usr/lib/jvm/java-8-openjdk-amd64/jre/lib/amd64/libmlib_image.so
7f6e29c6e000-7f6e29e6d000 ---p 000e5000 08:01 37097901                   /usr/lib/jvm/java-8-openjdk-amd64/jre/lib/amd64/libmlib_image.so
7f6e29e6d000-7f6e29e6e000 r--p 000e4000 08:01 37097901                   /usr/lib/jvm/java-8-openjdk-amd64/jre/lib/amd64/libmlib_image.so
7f6e29e6e000-7f6e29e6f000 rw-p 000e5000 08:01 37097901                   /usr/lib/jvm/java-8-openjdk-amd64/jre/lib/amd64/libmlib_image.so
7f6e29e6f000-7f6e2a06f000 rw-p 00000000 00:00 0 
7f6e2a06f000-7f6e2a072000 ---p 00000000 00:00 0 
7f6e2a072000-7f6e2a170000 rw-p 00000000 00:00 0 
7f6e2a170000-7f6e2a173000 ---p 00000000 00:00 0 
7f6e2a173000-7f6e2a271000 rw-p 00000000 00:00 0 
7f6e2a271000-7f6e2a274000 ---p 00000000 00:00 0 
7f6e2a274000-7f6e2a572000 rw-p 00000000 00:00 0 
7f6e2a572000-7f6e2a583000 r-xp 00000000 08:01 37097910                   /usr/lib/jvm/java-8-openjdk-amd64/jre/lib/amd64/libnio.so
7f6e2a583000-7f6e2a783000 ---p 00011000 08:01 37097910                   /usr/lib/jvm/java-8-openjdk-amd64/jre/lib/amd64/libnio.so
7f6e2a783000-7f6e2a784000 r--p 00011000 08:01 37097910                   /usr/lib/jvm/java-8-openjdk-amd64/jre/lib/amd64/libnio.so
7f6e2a784000-7f6e2a785000 rw-p 00012000 08:01 37097910                   /usr/lib/jvm/java-8-openjdk-amd64/jre/lib/amd64/libnio.so
7f6e2a785000-7f6e2a79c000 r-xp 00000000 08:01 37097896                   /usr/lib/jvm/java-8-openjdk-amd64/jre/lib/amd64/libnet.so
7f6e2a79c000-7f6e2a99b000 ---p 00017000 08:01 37097896                   /usr/lib/jvm/java-8-openjdk-amd64/jre/lib/amd64/libnet.so
7f6e2a99b000-7f6e2a99c000 r--p 00016000 08:01 37097896                   /usr/lib/jvm/java-8-openjdk-amd64/jre/lib/amd64/libnet.so
7f6e2a99c000-7f6e2a99d000 rw-p 00017000 08:01 37097896                   /usr/lib/jvm/java-8-openjdk-amd64/jre/lib/amd64/libnet.so
7f6e2a99d000-7f6e2ab9d000 rw-p 00000000 00:00 0 
7f6e2ab9d000-7f6e2aba0000 ---p 00000000 00:00 0 
7f6e2aba0000-7f6e2ac9e000 rw-p 00000000 00:00 0 
7f6e2ac9e000-7f6e2aca1000 ---p 00000000 00:00 0 
7f6e2aca1000-7f6e2ad9f000 rw-p 00000000 00:00 0 
7f6e2ad9f000-7f6e2ada2000 ---p 00000000 00:00 0 
7f6e2ada2000-7f6e2aea0000 rw-p 00000000 00:00 0 
7f6e2aea0000-7f6e2aea5000 r-xp 00000000 08:01 36183731                   /usr/lib/x86_64-linux-gnu/libXfixes.so.3.1.0
7f6e2aea5000-7f6e2b0a4000 ---p 00005000 08:01 36183731                   /usr/lib/x86_64-linux-gnu/libXfixes.so.3.1.0
7f6e2b0a4000-7f6e2b0a5000 r--p 00004000 08:01 36183731                   /usr/lib/x86_64-linux-gnu/libXfixes.so.3.1.0
7f6e2b0a5000-7f6e2b0a6000 rw-p 00005000 08:01 36183731                   /usr/lib/x86_64-linux-gnu/libXfixes.so.3.1.0
7f6e2b0a6000-7f6e2b0af000 r-xp 00000000 08:01 36183723                   /usr/lib/x86_64-linux-gnu/libXcursor.so.1.0.2
7f6e2b0af000-7f6e2b2ae000 ---p 00009000 08:01 36183723                   /usr/lib/x86_64-linux-gnu/libXcursor.so.1.0.2
7f6e2b2ae000-7f6e2b2af000 r--p 00008000 08:01 36183723                   /usr/lib/x86_64-linux-gnu/libXcursor.so.1.0.2
7f6e2b2af000-7f6e2b2b0000 rw-p 00009000 08:01 36183723                   /usr/lib/x86_64-linux-gnu/libXcursor.so.1.0.2
7f6e2b2b0000-7f6e2b2d4000 r-xp 00000000 08:01 1839569                    /lib/x86_64-linux-gnu/libpng12.so.0.54.0
7f6e2b2d4000-7f6e2b4d3000 ---p 00024000 08:01 1839569                    /lib/x86_64-linux-gnu/libpng12.so.0.54.0
7f6e2b4d3000-7f6e2b4d4000 r--p 00023000 08:01 1839569                    /lib/x86_64-linux-gnu/libpng12.so.0.54.0
7f6e2b4d4000-7f6e2b4d5000 rw-p 00024000 08:01 1839569                    /lib/x86_64-linux-gnu/libpng12.so.0.54.0
7f6e2b4d5000-7f6e2b579000 r-xp 00000000 08:01 36177751                   /usr/lib/x86_64-linux-gnu/libfreetype.so.6.12.1
7f6e2b579000-7f6e2b778000 ---p 000a4000 08:01 36177751                   /usr/lib/x86_64-linux-gnu/libfreetype.so.6.12.1
7f6e2b778000-7f6e2b77e000 r--p 000a3000 08:01 36177751                   /usr/lib/x86_64-linux-gnu/libfreetype.so.6.12.1
7f6e2b77e000-7f6e2b77f000 rw-p 000a9000 08:01 36177751                   /usr/lib/x86_64-linux-gnu/libfreetype.so.6.12.1
7f6e2b77f000-7f6e2b7d1000 r-xp 00000000 08:01 37097917                   /usr/lib/jvm/java-8-openjdk-amd64/jre/lib/amd64/libfontmanager.so
7f6e2b7d1000-7f6e2b9d1000 ---p 00052000 08:01 37097917                   /usr/lib/jvm/java-8-openjdk-amd64/jre/lib/amd64/libfontmanager.so
7f6e2b9d1000-7f6e2b9d3000 r--p 00052000 08:01 37097917                   /usr/lib/jvm/java-8-openjdk-amd64/jre/lib/amd64/libfontmanager.so
7f6e2b9d3000-7f6e2b9d4000 rw-p 00054000 08:01 37097917                   /usr/lib/jvm/java-8-openjdk-amd64/jre/lib/amd64/libfontmanager.so
7f6e2b9d4000-7f6e2b9d9000 r-xp 00000000 08:01 36183727                   /usr/lib/x86_64-linux-gnu/libXdmcp.so.6.0.0
7f6e2b9d9000-7f6e2bbd8000 ---p 00005000 08:01 36183727                   /usr/lib/x86_64-linux-gnu/libXdmcp.so.6.0.0
7f6e2bbd8000-7f6e2bbd9000 r--p 00004000 08:01 36183727                   /usr/lib/x86_64-linux-gnu/libXdmcp.so.6.0.0
7f6e2bbd9000-7f6e2bbda000 rw-p 00005000 08:01 36183727                   /usr/lib/x86_64-linux-gnu/libXdmcp.so.6.0.0
7f6e2bbda000-7f6e2bbdc000 r-xp 00000000 08:01 36183716                   /usr/lib/x86_64-linux-gnu/libXau.so.6.0.0
7f6e2bbdc000-7f6e2bddc000 ---p 00002000 08:01 36183716                   /usr/lib/x86_64-linux-gnu/libXau.so.6.0.0
7f6e2bddc000-7f6e2bddd000 r--p 00002000 08:01 36183716                   /usr/lib/x86_64-linux-gnu/libXau.so.6.0.0
7f6e2bddd000-7f6e2bdde000 rw-p 00003000 08:01 36183716                   /usr/lib/x86_64-linux-gnu/libXau.so.6.0.0
7f6e2bdde000-7f6e2bdff000 r-xp 00000000 08:01 36185094                   /usr/lib/x86_64-linux-gnu/libxcb.so.1.1.0
7f6e2bdff000-7f6e2bffe000 ---p 00021000 08:01 36185094                   /usr/lib/x86_64-linux-gnu/libxcb.so.1.1.0
7f6e2bffe000-7f6e2bfff000 r--p 00020000 08:01 36185094                   /usr/lib/x86_64-linux-gnu/libxcb.so.1.1.0
7f6e2bfff000-7f6e2c000000 rw-p 00021000 08:01 36185094                   /usr/lib/x86_64-linux-gnu/libxcb.so.1.1.0
7f6e2c000000-7f6e2c021000 rw-p 00000000 00:00 0 
7f6e2c021000-7f6e30000000 ---p 00000000 00:00 0 
7f6e3003a000-7f6e3003f000 r--s 0009a000 08:01 37096853                   /usr/lib/jvm/java-8-openjdk-amd64/jre/lib/jsse.jar
7f6e3003f000-7f6e30041000 r--s 00004000 08:01 28836275                   /home/edmo/.m2/repository/org/slf4j/log4j-over-slf4j/1.7.25/log4j-over-slf4j-1.7.25.jar
7f6e30041000-7f6e30043000 r--s 00003000 08:01 28836274                   /home/edmo/.m2/repository/org/slf4j/jcl-over-slf4j/1.7.25/jcl-over-slf4j-1.7.25.jar
7f6e30043000-7f6e30045000 r--s 00000000 08:01 28836273                   /home/edmo/.m2/repository/org/slf4j/jul-to-slf4j/1.7.25/jul-to-slf4j-1.7.25.jar
7f6e30045000-7f6e30050000 r--s 00069000 08:01 28836271                   /home/edmo/.m2/repository/ch/qos/logback/logback-core/1.2.3/logback-core-1.2.3.jar
7f6e30050000-7f6e3005f000 r-xp 00000000 08:01 36183737                   /usr/lib/x86_64-linux-gnu/libXi.so.6.1.0
7f6e3005f000-7f6e3025e000 ---p 0000f000 08:01 36183737                   /usr/lib/x86_64-linux-gnu/libXi.so.6.1.0
7f6e3025e000-7f6e3025f000 r--p 0000e000 08:01 36183737                   /usr/lib/x86_64-linux-gnu/libXi.so.6.1.0
7f6e3025f000-7f6e30260000 rw-p 0000f000 08:01 36183737                   /usr/lib/x86_64-linux-gnu/libXi.so.6.1.0
7f6e30260000-7f6e34000000 rw-p 00000000 00:00 0 
7f6e34000000-7f6e34021000 rw-p 00000000 00:00 0 
7f6e34021000-7f6e38000000 ---p 00000000 00:00 0 
7f6e38001000-7f6e38003000 r--s 00009000 08:01 28836272                   /home/edmo/.m2/repository/org/slf4j/slf4j-api/1.7.25/slf4j-api-1.7.25.jar
7f6e38003000-7f6e38009000 r--s 00041000 08:01 28836270                   /home/edmo/.m2/repository/ch/qos/logback/logback-classic/1.2.3/logback-classic-1.2.3.jar
7f6e38009000-7f6e3800b000 r--s 0000c000 08:01 28836269                   /home/edmo/.m2/repository/org/jboss/logging/jboss-logging/3.1.4.GA/jboss-logging-3.1.4.GA.jar
7f6e3800b000-7f6e38010000 r--s 002da000 08:01 28836267                   /home/edmo/.m2/repository/net/sourceforge/lept4j/lept4j/1.4.0/lept4j-1.4.0.jar
7f6e38010000-7f6e3801c000 r--s 00108000 08:01 28836265                   /home/edmo/.m2/repository/com/lowagie/itext/2.1.7/itext-2.1.7.jar
7f6e3801c000-7f6e38026000 r--s 00081000 08:01 28836264                   /home/edmo/.m2/repository/org/apache/xmlgraphics/xmlgraphics-commons/1.4/xmlgraphics-commons-1.4.jar
7f6e38026000-7f6e38034000 r--s 0007f000 08:01 28836263                   /home/edmo/.m2/repository/commons-collections/commons-collections/3.2.1/commons-collections-3.2.1.jar
7f6e38034000-7f6e38037000 ---p 00000000 00:00 0 
7f6e38037000-7f6e38135000 rw-p 00000000 00:00 0 
7f6e38135000-7f6e3813a000 r-xp 00000000 08:01 36183755                   /usr/lib/x86_64-linux-gnu/libXtst.so.6.1.0
7f6e3813a000-7f6e38339000 ---p 00005000 08:01 36183755                   /usr/lib/x86_64-linux-gnu/libXtst.so.6.1.0
7f6e38339000-7f6e3833a000 r--p 00004000 08:01 36183755                   /usr/lib/x86_64-linux-gnu/libXtst.so.6.1.0
7f6e3833a000-7f6e3833b000 rw-p 00005000 08:01 36183755                   /usr/lib/x86_64-linux-gnu/libXtst.so.6.1.0
7f6e3833b000-7f6e38344000 r-xp 00000000 08:01 36183749                   /usr/lib/x86_64-linux-gnu/libXrender.so.1.3.0
7f6e38344000-7f6e38543000 ---p 00009000 08:01 36183749                   /usr/lib/x86_64-linux-gnu/libXrender.so.1.3.0
7f6e38543000-7f6e38544000 r--p 00008000 08:01 36183749                   /usr/lib/x86_64-linux-gnu/libXrender.so.1.3.0
7f6e38544000-7f6e38545000 rw-p 00009000 08:01 36183749                   /usr/lib/x86_64-linux-gnu/libXrender.so.1.3.0
7f6e38545000-7f6e3867a000 r-xp 00000000 08:01 36183712                   /usr/lib/x86_64-linux-gnu/libX11.so.6.3.0
7f6e3867a000-7f6e3887a000 ---p 00135000 08:01 36183712                   /usr/lib/x86_64-linux-gnu/libX11.so.6.3.0
7f6e3887a000-7f6e3887b000 r--p 00135000 08:01 36183712                   /usr/lib/x86_64-linux-gnu/libX11.so.6.3.0
7f6e3887b000-7f6e3887f000 rw-p 00136000 08:01 36183712                   /usr/lib/x86_64-linux-gnu/libX11.so.6.3.0
7f6e3887f000-7f6e38890000 r-xp 00000000 08:01 36183729                   /usr/lib/x86_64-linux-gnu/libXext.so.6.4.0
7f6e38890000-7f6e38a8f000 ---p 00011000 08:01 36183729                   /usr/lib/x86_64-linux-gnu/libXext.so.6.4.0
7f6e38a8f000-7f6e38a90000 r--p 00010000 08:01 36183729                   /usr/lib/x86_64-linux-gnu/libXext.so.6.4.0
7f6e38a90000-7f6e38a91000 rw-p 00011000 08:01 36183729                   /usr/lib/x86_64-linux-gnu/libXext.so.6.4.0
7f6e38a91000-7f6e38a95000 r--s 00020000 08:01 28836268                   /home/edmo/.m2/repository/org/jboss/jboss-vfs/3.2.12.Final/jboss-vfs-3.2.12.Final.jar
7f6e38a95000-7f6e38a99000 r--s 0002f000 08:01 28836266                   /home/edmo/.m2/repository/commons-io/commons-io/2.5/commons-io-2.5.jar
7f6e38a99000-7f6e38a9e000 r--s 00035000 08:01 28836261                   /home/edmo/.m2/repository/commons-beanutils/commons-beanutils/1.9.2/commons-beanutils-1.9.2.jar
7f6e38a9e000-7f6e38aa7000 r--s 0006f000 08:01 28836260                   /home/edmo/.m2/repository/log4j/log4j/1.2.17/log4j-1.2.17.jar
7f6e38aa7000-7f6e38aac000 r--s 00028000 08:01 28836259                   /home/edmo/.m2/repository/org/ghost4j/ghost4j/1.0.1/ghost4j-1.0.1.jar
7f6e38aac000-7f6e38ab7000 r--s 00088000 08:01 28836258                   /home/edmo/.m2/repository/com/github/jai-imageio/jai-imageio-core/1.3.1/jai-imageio-core-1.3.1.jar
7f6e38ab7000-7f6e38b0b000 r-xp 00000000 08:01 37097899                   /usr/lib/jvm/java-8-openjdk-amd64/jre/lib/amd64/libawt_xawt.so
7f6e38b0b000-7f6e38d0b000 ---p 00054000 08:01 37097899                   /usr/lib/jvm/java-8-openjdk-amd64/jre/lib/amd64/libawt_xawt.so
7f6e38d0b000-7f6e38d0c000 r--p 00054000 08:01 37097899                   /usr/lib/jvm/java-8-openjdk-amd64/jre/lib/amd64/libawt_xawt.so
7f6e38d0c000-7f6e38d0f000 rw-p 00055000 08:01 37097899                   /usr/lib/jvm/java-8-openjdk-amd64/jre/lib/amd64/libawt_xawt.so
7f6e38d0f000-7f6e38d10000 rw-p 00000000 00:00 0 
7f6e38d10000-7f6e38db0000 r-xp 00000000 08:01 37096881                   /usr/lib/jvm/java-8-openjdk-amd64/jre/lib/amd64/libawt.so
7f6e38db0000-7f6e38fb0000 ---p 000a0000 08:01 37096881                   /usr/lib/jvm/java-8-openjdk-amd64/jre/lib/amd64/libawt.so
7f6e38fb0000-7f6e38fb1000 r--p 000a0000 08:01 37096881                   /usr/lib/jvm/java-8-openjdk-amd64/jre/lib/amd64/libawt.so
7f6e38fb1000-7f6e38fbc000 rw-p 000a1000 08:01 37096881                   /usr/lib/jvm/java-8-openjdk-amd64/jre/lib/amd64/libawt.so
7f6e38fbc000-7f6e38fe1000 rw-p 00000000 00:00 0 
7f6e38fe1000-7f6e38ffc000 r--s 00394000 08:01 37096842                   /usr/lib/jvm/java-8-openjdk-amd64/jre/lib/ext/cldrdata.jar
7f6e38ffc000-7f6e39017000 r--s 001d6000 08:01 37096839                   /usr/lib/jvm/java-8-openjdk-amd64/jre/lib/ext/nashorn.jar
7f6e39017000-7f6e39018000 ---p 00000000 00:00 0 
7f6e39018000-7f6e39118000 rw-p 00000000 00:00 0 
7f6e39118000-7f6e3911b000 ---p 00000000 00:00 0 
7f6e3911b000-7f6e39219000 rw-p 00000000 00:00 0 
7f6e39219000-7f6e3921c000 ---p 00000000 00:00 0 
7f6e3921c000-7f6e3931a000 rw-p 00000000 00:00 0 
7f6e3931a000-7f6e3931d000 ---p 00000000 00:00 0 
7f6e3931d000-7f6e3941b000 rw-p 00000000 00:00 0 
7f6e3941b000-7f6e3941e000 ---p 00000000 00:00 0 
7f6e3941e000-7f6e3951c000 rw-p 00000000 00:00 0 
7f6e3951c000-7f6e3951f000 ---p 00000000 00:00 0 
7f6e3951f000-7f6e3961d000 rw-p 00000000 00:00 0 
7f6e3961d000-7f6e39a73000 r--p 00000000 08:01 36190313                   /usr/lib/locale/locale-archive
7f6e39a73000-7f6e39a76000 ---p 00000000 00:00 0 
7f6e39a76000-7f6e39b74000 rw-p 00000000 00:00 0 
7f6e39b74000-7f6e39b77000 ---p 00000000 00:00 0 
7f6e39b77000-7f6e39c75000 rw-p 00000000 00:00 0 
7f6e39c75000-7f6e39c76000 ---p 00000000 00:00 0 
7f6e39c76000-7f6e3ace8000 rw-p 00000000 00:00 0 
7f6e3ace8000-7f6e3aeb6000 r--s 03c13000 08:01 37097938                   /usr/lib/jvm/java-8-openjdk-amd64/jre/lib/rt.jar
7f6e3aeb6000-7f6e3ba90000 rw-p 00000000 00:00 0 
7f6e3ba90000-7f6e3ba91000 ---p 00000000 00:00 0 
7f6e3ba91000-7f6e3bb91000 rw-p 00000000 00:00 0 
7f6e3bb91000-7f6e3bb92000 ---p 00000000 00:00 0 
7f6e3bb92000-7f6e3bc92000 rw-p 00000000 00:00 0 
7f6e3bc92000-7f6e3bc93000 ---p 00000000 00:00 0 
7f6e3bc93000-7f6e3bdec000 rw-p 00000000 00:00 0 
7f6e3bdec000-7f6e3c025000 ---p 00000000 00:00 0 
7f6e3c025000-7f6e3c07e000 rw-p 00000000 00:00 0 
7f6e3c07e000-7f6e3c2b6000 ---p 00000000 00:00 0 
7f6e3c2b6000-7f6e3c362000 rw-p 00000000 00:00 0 
7f6e3c362000-7f6e3c3ff000 ---p 00000000 00:00 0 
7f6e3c3ff000-7f6e3c41c000 rw-p 00000000 00:00 0 
7f6e3c41c000-7f6e3c7c0000 ---p 00000000 00:00 0 
7f6e3c7c0000-7f6e3ce90000 rwxp 00000000 00:00 0 
7f6e3ce90000-7f6e4b7c0000 ---p 00000000 00:00 0 
7f6e4b7c0000-7f6e4b7c8000 r-xp 00000000 08:01 37097905                   /usr/lib/jvm/java-8-openjdk-amd64/jre/lib/amd64/libzip.so
7f6e4b7c8000-7f6e4b9c7000 ---p 00008000 08:01 37097905                   /usr/lib/jvm/java-8-openjdk-amd64/jre/lib/amd64/libzip.so
7f6e4b9c7000-7f6e4b9c8000 r--p 00007000 08:01 37097905                   /usr/lib/jvm/java-8-openjdk-amd64/jre/lib/amd64/libzip.so
7f6e4b9c8000-7f6e4b9c9000 rw-p 00008000 08:01 37097905                   /usr/lib/jvm/java-8-openjdk-amd64/jre/lib/amd64/libzip.so
7f6e4b9c9000-7f6e4b9d4000 r-xp 00000000 08:01 1838041                    /lib/x86_64-linux-gnu/libnss_files-2.23.so
7f6e4b9d4000-7f6e4bbd3000 ---p 0000b000 08:01 1838041                    /lib/x86_64-linux-gnu/libnss_files-2.23.so
7f6e4bbd3000-7f6e4bbd4000 r--p 0000a000 08:01 1838041                    /lib/x86_64-linux-gnu/libnss_files-2.23.so
7f6e4bbd4000-7f6e4bbd5000 rw-p 0000b000 08:01 1838041                    /lib/x86_64-linux-gnu/libnss_files-2.23.so
7f6e4bbd5000-7f6e4bbdb000 rw-p 00000000 00:00 0 
7f6e4bbdb000-7f6e4bbe6000 r-xp 00000000 08:01 1838047                    /lib/x86_64-linux-gnu/libnss_nis-2.23.so
7f6e4bbe6000-7f6e4bde5000 ---p 0000b000 08:01 1838047                    /lib/x86_64-linux-gnu/libnss_nis-2.23.so
7f6e4bde5000-7f6e4bde6000 r--p 0000a000 08:01 1838047                    /lib/x86_64-linux-gnu/libnss_nis-2.23.so
7f6e4bde6000-7f6e4bde7000 rw-p 0000b000 08:01 1838047                    /lib/x86_64-linux-gnu/libnss_nis-2.23.so
7f6e4bde7000-7f6e4bdfd000 r-xp 00000000 08:01 1835193                    /lib/x86_64-linux-gnu/libnsl-2.23.so
7f6e4bdfd000-7f6e4bffc000 ---p 00016000 08:01 1835193                    /lib/x86_64-linux-gnu/libnsl-2.23.so
7f6e4bffc000-7f6e4bffd000 r--p 00015000 08:01 1835193                    /lib/x86_64-linux-gnu/libnsl-2.23.so
7f6e4bffd000-7f6e4bffe000 rw-p 00016000 08:01 1835193                    /lib/x86_64-linux-gnu/libnsl-2.23.so
7f6e4bffe000-7f6e4c000000 rw-p 00000000 00:00 0 
7f6e4c000000-7f6e4c34c000 rw-p 00000000 00:00 0 
7f6e4c34c000-7f6e50000000 ---p 00000000 00:00 0 
7f6e50001000-7f6e50003000 r--s 0000d000 08:01 28836262                   /home/edmo/.m2/repository/commons-logging/commons-logging/1.1.1/commons-logging-1.1.1.jar
7f6e50003000-7f6e50007000 r--s 000dc000 08:01 28836257                   /home/edmo/.m2/repository/net/java/dev/jna/jna/4.1.0/jna-4.1.0.jar
7f6e50007000-7f6e5001a000 r--s 00346000 08:01 37096852                   /usr/lib/jvm/java-8-openjdk-amd64/jre/lib/resources.jar
7f6e5001a000-7f6e500ff000 rw-p 00000000 00:00 0 
7f6e500ff000-7f6e50100000 ---p 00000000 00:00 0 
7f6e50100000-7f6e50200000 rw-p 00000000 00:00 0 
7f6e50200000-7f6e50208000 r-xp 00000000 08:01 1838059                    /lib/x86_64-linux-gnu/libnss_compat-2.23.so
7f6e50208000-7f6e50407000 ---p 00008000 08:01 1838059                    /lib/x86_64-linux-gnu/libnss_compat-2.23.so
7f6e50407000-7f6e50408000 r--p 00007000 08:01 1838059                    /lib/x86_64-linux-gnu/libnss_compat-2.23.so
7f6e50408000-7f6e50409000 rw-p 00008000 08:01 1838059                    /lib/x86_64-linux-gnu/libnss_compat-2.23.so
7f6e50409000-7f6e50436000 r-xp 00000000 08:01 37097923                   /usr/lib/jvm/java-8-openjdk-amd64/jre/lib/amd64/libjava.so
7f6e50436000-7f6e50635000 ---p 0002d000 08:01 37097923                   /usr/lib/jvm/java-8-openjdk-amd64/jre/lib/amd64/libjava.so
7f6e50635000-7f6e50636000 r--p 0002c000 08:01 37097923                   /usr/lib/jvm/java-8-openjdk-amd64/jre/lib/amd64/libjava.so
7f6e50636000-7f6e50638000 rw-p 0002d000 08:01 37097923                   /usr/lib/jvm/java-8-openjdk-amd64/jre/lib/amd64/libjava.so
7f6e50638000-7f6e50647000 r-xp 00000000 08:01 37097897                   /usr/lib/jvm/java-8-openjdk-amd64/jre/lib/amd64/libverify.so
7f6e50647000-7f6e50846000 ---p 0000f000 08:01 37097897                   /usr/lib/jvm/java-8-openjdk-amd64/jre/lib/amd64/libverify.so
7f6e50846000-7f6e50848000 r--p 0000e000 08:01 37097897                   /usr/lib/jvm/java-8-openjdk-amd64/jre/lib/amd64/libverify.so
7f6e50848000-7f6e50849000 rw-p 00010000 08:01 37097897                   /usr/lib/jvm/java-8-openjdk-amd64/jre/lib/amd64/libverify.so
7f6e50849000-7f6e50850000 r-xp 00000000 08:01 1838051                    /lib/x86_64-linux-gnu/librt-2.23.so
7f6e50850000-7f6e50a4f000 ---p 00007000 08:01 1838051                    /lib/x86_64-linux-gnu/librt-2.23.so
7f6e50a4f000-7f6e50a50000 r--p 00006000 08:01 1838051                    /lib/x86_64-linux-gnu/librt-2.23.so
7f6e50a50000-7f6e50a51000 rw-p 00007000 08:01 1838051                    /lib/x86_64-linux-gnu/librt-2.23.so
7f6e50a51000-7f6e50a67000 r-xp 00000000 08:01 1839466                    /lib/x86_64-linux-gnu/libgcc_s.so.1
7f6e50a67000-7f6e50c66000 ---p 00016000 08:01 1839466                    /lib/x86_64-linux-gnu/libgcc_s.so.1
7f6e50c66000-7f6e50c67000 rw-p 00015000 08:01 1839466                    /lib/x86_64-linux-gnu/libgcc_s.so.1
7f6e50c67000-7f6e50d6f000 r-xp 00000000 08:01 1838069                    /lib/x86_64-linux-gnu/libm-2.23.so
7f6e50d6f000-7f6e50f6e000 ---p 00108000 08:01 1838069                    /lib/x86_64-linux-gnu/libm-2.23.so
7f6e50f6e000-7f6e50f6f000 r--p 00107000 08:01 1838069                    /lib/x86_64-linux-gnu/libm-2.23.so
7f6e50f6f000-7f6e50f70000 rw-p 00108000 08:01 1838069                    /lib/x86_64-linux-gnu/libm-2.23.so
7f6e50f70000-7f6e510e2000 r-xp 00000000 08:01 36177917                   /usr/lib/x86_64-linux-gnu/libstdc++.so.6.0.21
7f6e510e2000-7f6e512e2000 ---p 00172000 08:01 36177917                   /usr/lib/x86_64-linux-gnu/libstdc++.so.6.0.21
7f6e512e2000-7f6e512ec000 r--p 00172000 08:01 36177917                   /usr/lib/x86_64-linux-gnu/libstdc++.so.6.0.21
7f6e512ec000-7f6e512ee000 rw-p 0017c000 08:01 36177917                   /usr/lib/x86_64-linux-gnu/libstdc++.so.6.0.21
7f6e512ee000-7f6e512f2000 rw-p 00000000 00:00 0 
7f6e512f2000-7f6e51f46000 r-xp 00000000 08:01 37097907                   /usr/lib/jvm/java-8-openjdk-amd64/jre/lib/amd64/server/libjvm.so
7f6e51f46000-7f6e52146000 ---p 00c54000 08:01 37097907                   /usr/lib/jvm/java-8-openjdk-amd64/jre/lib/amd64/server/libjvm.so
7f6e52146000-7f6e521d9000 r--p 00c54000 08:01 37097907                   /usr/lib/jvm/java-8-openjdk-amd64/jre/lib/amd64/server/libjvm.so
7f6e521d9000-7f6e52202000 rw-p 00ce7000 08:01 37097907                   /usr/lib/jvm/java-8-openjdk-amd64/jre/lib/amd64/server/libjvm.so
7f6e52202000-7f6e52232000 rw-p 00000000 00:00 0 
7f6e52232000-7f6e5224a000 r-xp 00000000 08:01 1838045                    /lib/x86_64-linux-gnu/libpthread-2.23.so
7f6e5224a000-7f6e52449000 ---p 00018000 08:01 1838045                    /lib/x86_64-linux-gnu/libpthread-2.23.so
7f6e52449000-7f6e5244a000 r--p 00017000 08:01 1838045                    /lib/x86_64-linux-gnu/libpthread-2.23.so
7f6e5244a000-7f6e5244b000 rw-p 00018000 08:01 1838045                    /lib/x86_64-linux-gnu/libpthread-2.23.so
7f6e5244b000-7f6e5244f000 rw-p 00000000 00:00 0 
7f6e5244f000-7f6e52452000 r-xp 00000000 08:01 1838057                    /lib/x86_64-linux-gnu/libdl-2.23.so
7f6e52452000-7f6e52651000 ---p 00003000 08:01 1838057                    /lib/x86_64-linux-gnu/libdl-2.23.so
7f6e52651000-7f6e52652000 r--p 00002000 08:01 1838057                    /lib/x86_64-linux-gnu/libdl-2.23.so
7f6e52652000-7f6e52653000 rw-p 00003000 08:01 1838057                    /lib/x86_64-linux-gnu/libdl-2.23.so
7f6e52653000-7f6e5266c000 r-xp 00000000 08:01 1839301                    /lib/x86_64-linux-gnu/libz.so.1.2.8
7f6e5266c000-7f6e5286b000 ---p 00019000 08:01 1839301                    /lib/x86_64-linux-gnu/libz.so.1.2.8
7f6e5286b000-7f6e5286c000 r--p 00018000 08:01 1839301                    /lib/x86_64-linux-gnu/libz.so.1.2.8
7f6e5286c000-7f6e5286d000 rw-p 00019000 08:01 1839301                    /lib/x86_64-linux-gnu/libz.so.1.2.8
7f6e5286d000-7f6e52a2d000 r-xp 00000000 08:01 1838076                    /lib/x86_64-linux-gnu/libc-2.23.so
7f6e52a2d000-7f6e52c2d000 ---p 001c0000 08:01 1838076                    /lib/x86_64-linux-gnu/libc-2.23.so
7f6e52c2d000-7f6e52c31000 r--p 001c0000 08:01 1838076                    /lib/x86_64-linux-gnu/libc-2.23.so
7f6e52c31000-7f6e52c33000 rw-p 001c4000 08:01 1838076                    /lib/x86_64-linux-gnu/libc-2.23.so
7f6e52c33000-7f6e52c37000 rw-p 00000000 00:00 0 
7f6e52c37000-7f6e52c44000 r-xp 00000000 08:01 37097918                   /usr/lib/jvm/java-8-openjdk-amd64/jre/lib/amd64/jli/libjli.so
7f6e52c44000-7f6e52e44000 ---p 0000d000 08:01 37097918                   /usr/lib/jvm/java-8-openjdk-amd64/jre/lib/amd64/jli/libjli.so
7f6e52e44000-7f6e52e45000 r--p 0000d000 08:01 37097918                   /usr/lib/jvm/java-8-openjdk-amd64/jre/lib/amd64/jli/libjli.so
7f6e52e45000-7f6e52e46000 rw-p 0000e000 08:01 37097918                   /usr/lib/jvm/java-8-openjdk-amd64/jre/lib/amd64/jli/libjli.so
7f6e52e46000-7f6e52e6c000 r-xp 00000000 08:01 1835201                    /lib/x86_64-linux-gnu/ld-2.23.so
7f6e52e6c000-7f6e52e6f000 r--s 02475000 08:01 28836256                   /home/edmo/.m2/repository/net/sourceforge/tess4j/tess4j/3.4.0/tess4j-3.4.0.jar
7f6e52e6f000-7f6e52e72000 r--s 0001e000 08:01 25171611                   /home/edmo/Documents/Programing/Java EE workspaces/Langenwerder/Langenwerder Fogle beringung/jgoodies-forms-1.8.0.jar
7f6e52e72000-7f6e52f3d000 rw-p 00000000 00:00 0 
7f6e52f3d000-7f6e52f40000 ---p 00000000 00:00 0 
7f6e52f40000-7f6e53043000 rw-p 00000000 00:00 0 
7f6e53043000-7f6e53044000 r--s 0000a000 08:01 37096845                   /usr/lib/jvm/java-8-openjdk-amd64/jre/lib/ext/jaccess.jar
7f6e53044000-7f6e5304e000 r--s 00116000 08:01 37096841                   /usr/lib/jvm/java-8-openjdk-amd64/jre/lib/ext/localedata.jar
7f6e5304e000-7f6e53050000 r--s 00001000 08:01 37096847                   /usr/lib/jvm/java-8-openjdk-amd64/jre/lib/ext/dnsns.jar
7f6e53050000-7f6e53055000 r--s 0003b000 08:01 37096843                   /usr/lib/jvm/java-8-openjdk-amd64/jre/lib/ext/sunjce_provider.jar
7f6e53055000-7f6e53059000 r--s 00037000 08:01 37096846                   /usr/lib/jvm/java-8-openjdk-amd64/jre/lib/ext/sunpkcs11.jar
7f6e53059000-7f6e5305a000 r--s 00010000 08:01 37096840                   /usr/lib/jvm/java-8-openjdk-amd64/jre/lib/ext/zipfs.jar
7f6e5305a000-7f6e5305c000 r--s 00008000 08:01 37096844                   /usr/lib/jvm/java-8-openjdk-amd64/jre/lib/ext/sunec.jar
7f6e5305c000-7f6e5305f000 r--s 0000f000 08:01 37096838                   /usr/lib/jvm/java-8-openjdk-amd64/jre/lib/ext/icedtea-sound.jar
7f6e5305f000-7f6e53067000 rw-s 00000000 08:01 29889440                   /tmp/hsperfdata_edmo/15991
7f6e53067000-7f6e53068000 rw-p 00000000 00:00 0 
7f6e53068000-7f6e53069000 r--p 00000000 00:00 0 
7f6e53069000-7f6e5306b000 rw-p 00000000 00:00 0 
7f6e5306b000-7f6e5306c000 r--p 00025000 08:01 1835201                    /lib/x86_64-linux-gnu/ld-2.23.so
7f6e5306c000-7f6e5306d000 rw-p 00026000 08:01 1835201                    /lib/x86_64-linux-gnu/ld-2.23.so
7f6e5306d000-7f6e5306e000 rw-p 00000000 00:00 0 
7ffffff5f000-7ffffff80000 rw-p 00000000 00:00 0                          [stack]
7ffffffcb000-7ffffffcd000 r--p 00000000 00:00 0                          [vvar]
7ffffffcd000-7ffffffcf000 r-xp 00000000 00:00 0                          [vdso]
ffffffffff600000-ffffffffff601000 r-xp 00000000 00:00 0                  [vsyscall]

VM Arguments:
jvm_args: -Dfile.encoding=UTF-8 
java_command: com.lehsten.edmund.launcher
java_class_path (initial): /home/edmo/Documents/Programing/Java EE workspaces/Langenwerder/Langenwerder Fogle beringung/target/classes:/home/edmo/Documents/Programing/Java EE workspaces/Langenwerder/Langenwerder Fogle beringung/jgoodies-forms-1.8.0.jar:/home/edmo/.m2/repository/net/sourceforge/tess4j/tess4j/3.4.0/tess4j-3.4.0.jar:/home/edmo/.m2/repository/net/java/dev/jna/jna/4.1.0/jna-4.1.0.jar:/home/edmo/.m2/repository/com/github/jai-imageio/jai-imageio-core/1.3.1/jai-imageio-core-1.3.1.jar:/home/edmo/.m2/repository/org/ghost4j/ghost4j/1.0.1/ghost4j-1.0.1.jar:/home/edmo/.m2/repository/log4j/log4j/1.2.17/log4j-1.2.17.jar:/home/edmo/.m2/repository/commons-beanutils/commons-beanutils/1.9.2/commons-beanutils-1.9.2.jar:/home/edmo/.m2/repository/commons-logging/commons-logging/1.1.1/commons-logging-1.1.1.jar:/home/edmo/.m2/repository/commons-collections/commons-collections/3.2.1/commons-collections-3.2.1.jar:/home/edmo/.m2/repository/org/apache/xmlgraphics/xmlgraphics-commons/1.4/xmlgraphics-commons-1.4.jar:/home/edmo/.m2/repository/com/lowagie/itext/2.1.7/itext-2.1.7.jar:/home/edmo/.m2/repository/commons-io/commons-io/2.5/commons-io-2.5.jar:/home/edmo/.m2/repository/net/sourceforge/lept4j/lept4j/1.4.0/lept4j-1.4.0.jar:/home/edmo/.m2/repository/org/jboss/jboss-vfs/3.2.12.Final/jboss-vfs-3.2.12.Final.jar:/home/edmo/.m2/repository/org/jboss/logging/jboss-logging/3.1.4.GA/jboss-logging-3.1.4.GA.jar:/home/edmo/.m2/repository/ch/qos/logback/logback-classic/1.2.3/logback-classic-1.2.3.jar:/home/edmo/.m2/repository/ch/qos/logback/logback-core/1.2.3/logback-core-1.2.3.jar:/home/edmo/.m2/repository/org/slf4j/slf4j-api/1.7.25/slf4j-api-1.7.25.jar:/home/edmo/.m2/repository/org/slf4j/jul-to-slf4j/1.7.25/jul-to-slf4j-1.7.25.jar:/home/edmo/.m2/repository/org/slf4j/jcl-over-slf4j/1.7.25/jcl-over-slf4j-1.7.25.jar:/home/edmo/.m2/repository/org/slf4j/log4j-over-slf4j/1.7.25/log4j-over-slf4j-1.7.25.jar
Launcher Type: SUN_STANDARD

Environment Variables:
PATH=/home/edmo/bin:/home/edmo/.local/bin:/usr/local/sbin:/usr/local/bin:/usr/sbin:/usr/bin:/sbin:/bin:/usr/games:/usr/local/games:/snap/bin
SHELL=/bin/bash
DISPLAY=:0

Signal Handlers:
SIGSEGV: [libjvm.so+0xa6ad10], sa_mask[0]=11111111011111111101111111111110, sa_flags=SA_RESTART|SA_SIGINFO
SIGBUS: [libjvm.so+0xa6ad10], sa_mask[0]=11111111011111111101111111111110, sa_flags=SA_RESTART|SA_SIGINFO
SIGFPE: [libjvm.so+0x8b3bc0], sa_mask[0]=11111111011111111101111111111110, sa_flags=SA_RESTART|SA_SIGINFO
SIGPIPE: [libjvm.so+0x8b3bc0], sa_mask[0]=11111111011111111101111111111110, sa_flags=SA_RESTART|SA_SIGINFO
SIGXFSZ: [libjvm.so+0x8b3bc0], sa_mask[0]=11111111011111111101111111111110, sa_flags=SA_RESTART|SA_SIGINFO
SIGILL: [libjvm.so+0x8b3bc0], sa_mask[0]=11111111011111111101111111111110, sa_flags=SA_RESTART|SA_SIGINFO
SIGUSR1: SIG_DFL, sa_mask[0]=00000000000000000000000000000000, sa_flags=none
SIGUSR2: [libjvm.so+0x8b3a70], sa_mask[0]=00100000000000000000000000000000, sa_flags=SA_RESTART|SA_SIGINFO
SIGHUP: [libjvm.so+0x8b3f40], sa_mask[0]=11111111011111111101111111111110, sa_flags=SA_RESTART|SA_SIGINFO
SIGINT: [libjvm.so+0x8b3f40], sa_mask[0]=11111111011111111101111111111110, sa_flags=SA_RESTART|SA_SIGINFO
SIGTERM: [libjvm.so+0x8b3f40], sa_mask[0]=11111111011111111101111111111110, sa_flags=SA_RESTART|SA_SIGINFO
SIGQUIT: [libjvm.so+0x8b3f40], sa_mask[0]=11111111011111111101111111111110, sa_flags=SA_RESTART|SA_SIGINFO


---------------  S Y S T E M  ---------------

OS:DISTRIB_ID=Ubuntu
DISTRIB_RELEASE=16.04
DISTRIB_CODENAME=xenial
DISTRIB_DESCRIPTION="Ubuntu 16.04.2 LTS"

uname:Linux 4.4.0-87-generic #110-Ubuntu SMP Tue Jul 18 12:55:35 UTC 2017 x86_64
libc:glibc 2.23 NPTL 2.23 
rlimit: STACK 8192k, CORE 0k, NPROC 31386, NOFILE 1048576, AS infinity
load average:0,37 0,33 0,65

/proc/meminfo:
MemTotal:        8074940 kB
MemFree:         2484576 kB
MemAvailable:    4203036 kB
Buffers:          314108 kB
Cached:          1939528 kB
SwapCached:            0 kB
Active:          4268376 kB
Inactive:         988032 kB
Active(anon):    3006688 kB
Inactive(anon):   420864 kB
Active(file):    1261688 kB
Inactive(file):   567168 kB
Unevictable:          32 kB
Mlocked:              32 kB
SwapTotal:       8283132 kB
SwapFree:        8283132 kB
Dirty:               364 kB
Writeback:             0 kB
AnonPages:       3002876 kB
Mapped:           495576 kB
Shmem:            424700 kB
Slab:             233576 kB
SReclaimable:     195516 kB
SUnreclaim:        38060 kB
KernelStack:       10928 kB
PageTables:        38352 kB
NFS_Unstable:          0 kB
Bounce:                0 kB
WritebackTmp:          0 kB
CommitLimit:    12320600 kB
Committed_AS:    7869016 kB
VmallocTotal:   34359738367 kB
VmallocUsed:           0 kB
VmallocChunk:          0 kB
HardwareCorrupted:     0 kB
AnonHugePages:   1337344 kB
CmaTotal:              0 kB
CmaFree:               0 kB
HugePages_Total:       0
HugePages_Free:        0
HugePages_Rsvd:        0
HugePages_Surp:        0
Hugepagesize:       2048 kB
DirectMap4k:      142076 kB
DirectMap2M:     8146944 kB


CPU:total 4 (initial active 4) (2 cores per cpu, 2 threads per core) family 6 model 58 stepping 9, cmov, cx8, fxsr, mmx, sse, sse2, sse3, ssse3, sse4.1, sse4.2, popcnt, avx, aes, clmul, erms, ht, tsc, tscinvbit, tscinv

/proc/cpuinfo:
processor	: 0
vendor_id	: GenuineIntel
cpu family	: 6
model		: 58
model name	: Intel(R) Core(TM) i5-3210M CPU @ 2.50GHz
stepping	: 9
microcode	: 0x1c
cpu MHz		: 2859.277
cache size	: 3072 KB
physical id	: 0
siblings	: 4
core id		: 0
cpu cores	: 2
apicid		: 0
initial apicid	: 0
fpu		: yes
fpu_exception	: yes
cpuid level	: 13
wp		: yes
flags		: fpu vme de pse tsc msr pae mce cx8 apic sep mtrr pge mca cmov pat pse36 clflush dts acpi mmx fxsr sse sse2 ss ht tm pbe syscall nx rdtscp lm constant_tsc arch_perfmon pebs bts rep_good nopl xtopology nonstop_tsc aperfmperf eagerfpu pni pclmulqdq dtes64 monitor ds_cpl vmx est tm2 ssse3 cx16 xtpr pdcm pcid sse4_1 sse4_2 x2apic popcnt tsc_deadline_timer aes xsave avx f16c rdrand lahf_lm epb tpr_shadow vnmi flexpriority ept vpid fsgsbase smep erms xsaveopt dtherm ida arat pln pts
bugs		:
bogomips	: 4988.47
clflush size	: 64
cache_alignment	: 64
address sizes	: 36 bits physical, 48 bits virtual
power management:

processor	: 1
vendor_id	: GenuineIntel
cpu family	: 6
model		: 58
model name	: Intel(R) Core(TM) i5-3210M CPU @ 2.50GHz
stepping	: 9
microcode	: 0x1c
cpu MHz		: 1534.277
cache size	: 3072 KB
physical id	: 0
siblings	: 4
core id		: 0
cpu cores	: 2
apicid		: 1
initial apicid	: 1
fpu		: yes
fpu_exception	: yes
cpuid level	: 13
wp		: yes
flags		: fpu vme de pse tsc msr pae mce cx8 apic sep mtrr pge mca cmov pat pse36 clflush dts acpi mmx fxsr sse sse2 ss ht tm pbe syscall nx rdtscp lm constant_tsc arch_perfmon pebs bts rep_good nopl xtopology nonstop_tsc aperfmperf eagerfpu pni pclmulqdq dtes64 monitor ds_cpl vmx est tm2 ssse3 cx16 xtpr pdcm pcid sse4_1 sse4_2 x2apic popcnt tsc_deadline_timer aes xsave avx f16c rdrand lahf_lm epb tpr_shadow vnmi flexpriority ept vpid fsgsbase smep erms xsaveopt dtherm ida arat pln pts
bugs		:
bogomips	: 4988.47
clflush size	: 64
cache_alignment	: 64
address sizes	: 36 bits physical, 48 bits virtual
power management:

processor	: 2
vendor_id	: GenuineIntel
cpu family	: 6
model		: 58
model name	: Intel(R) Core(TM) i5-3210M CPU @ 2.50GHz
stepping	: 9
microcode	: 0x1c
cpu MHz		: 2858.593
cache size	: 3072 KB
physical id	: 0
siblings	: 4
core id		: 1
cpu cores	: 2
apicid		: 2
initial apicid	: 2
fpu		: yes
fpu_exception	: yes
cpuid level	: 13
wp		: yes
flags		: fpu vme de pse tsc msr pae mce cx8 apic sep mtrr pge mca cmov pat pse36 clflush dts acpi mmx fxsr sse sse2 ss ht tm pbe syscall nx rdtscp lm constant_tsc arch_perfmon pebs bts rep_good nopl xtopology nonstop_tsc aperfmperf eagerfpu pni pclmulqdq dtes64 monitor ds_cpl vmx est tm2 ssse3 cx16 xtpr pdcm pcid sse4_1 sse4_2 x2apic popcnt tsc_deadline_timer aes xsave avx f16c rdrand lahf_lm epb tpr_shadow vnmi flexpriority ept vpid fsgsbase smep erms xsaveopt dtherm ida arat pln pts
bugs		:
bogomips	: 4988.47
clflush size	: 64
cache_alignment	: 64
address sizes	: 36 bits physical, 48 bits virtual
power management:

processor	: 3
vendor_id	: GenuineIntel
cpu family	: 6
model		: 58
model name	: Intel(R) Core(TM) i5-3210M CPU @ 2.50GHz
stepping	: 9
microcode	: 0x1c
cpu MHz		: 2889.355
cache size	: 3072 KB
physical id	: 0
siblings	: 4
core id		: 1
cpu cores	: 2
apicid		: 3
initial apicid	: 3
fpu		: yes
fpu_exception	: yes
cpuid level	: 13
wp		: yes
flags		: fpu vme de pse tsc msr pae mce cx8 apic sep mtrr pge mca cmov pat pse36 clflush dts acpi mmx fxsr sse sse2 ss ht tm pbe syscall nx rdtscp lm constant_tsc arch_perfmon pebs bts rep_good nopl xtopology nonstop_tsc aperfmperf eagerfpu pni pclmulqdq dtes64 monitor ds_cpl vmx est tm2 ssse3 cx16 xtpr pdcm pcid sse4_1 sse4_2 x2apic popcnt tsc_deadline_timer aes xsave avx f16c rdrand lahf_lm epb tpr_shadow vnmi flexpriority ept vpid fsgsbase smep erms xsaveopt dtherm ida arat pln pts
bugs		:
bogomips	: 4988.47
clflush size	: 64
cache_alignment	: 64
address sizes	: 36 bits physical, 48 bits virtual
power management:



Memory: 4k page, physical 8074940k(2484576k free), swap 8283132k(8283132k free)

vm_info: OpenJDK 64-Bit Server VM (25.131-b11) for linux-amd64 JRE (1.8.0_131-8u131-b11-2ubuntu1.16.04.2-b11), built on Jul 22 2017 00:56:41 by "buildd" with gcc 5.4.0 20160609

time: Fri Jul 28 15:04:46 2017
elapsed time: 31 seconds (0d 0h 0m 31s)

