#
# A fatal error has been detected by the Java Runtime Environment:
#
#  SIGSEGV (0xb) at pc=0x00007fdf1ed1bac7, pid=17328, tid=0x00007fdf33aee700
#
# JRE version: OpenJDK Runtime Environment (8.0_131-b11) (build 1.8.0_131-8u131-b11-2ubuntu1.16.04.2-b11)
# Java VM: OpenJDK 64-Bit Server VM (25.131-b11 mixed mode linux-amd64 compressed oops)
# Problematic frame:
# C  [libtesseract.so.3.0.4+0x9dac7]  tesseract::Tesseract::recog_all_words(PAGE_RES*, ETEXT_DESC*, TBOX const*, char const*, int)+0x5e7
#
# Failed to write core dump. Core dumps have been disabled. To enable core dumping, try "ulimit -c unlimited" before starting Java again
#
# If you would like to submit a bug report, please visit:
#   http://bugreport.java.com/bugreport/crash.jsp
# The crash happened outside the Java Virtual Machine in native code.
# See problematic frame for where to report the bug.
#

---------------  T H R E A D  ---------------

Current thread (0x00007fdf802d3800):  JavaThread "AWT-EventQueue-0" [_thread_in_native, id=17351, stack(0x00007fdf339ee000,0x00007fdf33aef000)]

siginfo: si_signo: 11 (SIGSEGV), si_code: 1 (SEGV_MAPERR), si_addr: 0x000000000000000c

Registers:
RAX=0x0000000000000000, RBX=0x00007fdf33aea4d0, RCX=0x0000000000000000, RDX=0x0000000000000000
RSP=0x00007fdf33aea480, RBP=0x00007fdf244f5e10, RSI=0x0000000000000001, RDI=0x00007fdf33aea520
R8 =0x0000000000000000, R9 =0x0000000000000000, R10=0x00000000ffff8001, R11=0x00000000ffff8001
R12=0x00007fdf245524e0, R13=0x0000000000000000, R14=0x0000000000000000, R15=0x00007fdf245524e0
RIP=0x00007fdf1ed1bac7, EFLAGS=0x0000000000010246, CSGSFS=0x0000000000000033, ERR=0x0000000000000004
  TRAPNO=0x000000000000000e

Top of Stack: (sp=0x00007fdf33aea480)
0x00007fdf33aea480:   0000000000000000 0000000000000000
0x00007fdf33aea490:   0000000000000000 00007fdf24545d90
0x00007fdf33aea4a0:   00007fdf24536900 00007fdf24551ff0
0x00007fdf33aea4b0:   0000000000000000 00007fdf33aea4e0
0x00007fdf33aea4c0:   0000000000000000 00007fdf1ee77980
0x00007fdf33aea4d0:   00007fdf245524e0 0000000000000000
0x00007fdf33aea4e0:   0000000000000000 0000000000000000
0x00007fdf33aea4f0:   00007fdf2455b950 00007fdf24545d90
0x00007fdf33aea500:   00007fdf24551ff0 0000000000000000
0x00007fdf33aea510:   0000000000000000 0000000000000000
0x00007fdf33aea520:   00007fdf245524e8 00007fdf24551ff0
0x00007fdf33aea530:   00007fdf24551ff0 00007fdf24551ff0
0x00007fdf33aea540:   00007fdf24550000 00007fdf24551ff0
0x00007fdf33aea550:   0000000000000001 00007fdf24552018
0x00007fdf33aea560:   00007fdf24545d90 00007fdf24545d90
0x00007fdf33aea570:   00007fdf24545d90 00007fdf244f0000
0x00007fdf33aea580:   00007fdf24545d90 00007fdf24552501
0x00007fdf33aea590:   00007fdf24545db0 00007fdf2455b950
0x00007fdf33aea5a0:   00007fdf2455b950 00007fdf2455b950
0x00007fdf33aea5b0:   0000000000000000 00007fdf2455b950
0x00007fdf33aea5c0:   0000000000000001 87f3e850c0d76e00
0x00007fdf33aea5d0:   0000000000000000 00007fdf244f48e0
0x00007fdf33aea5e0:   00007fdf33aea660 00000000ffffffff
0x00007fdf33aea5f0:   0000000000000000 00007fdf245524e0
0x00007fdf33aea600:   00007fdf245524e0 00007fdf1ed06065
0x00007fdf33aea610:   0000000000000001 0000000086eca2e8
0x00007fdf33aea620:   00000000eaa38401 87f3e850c0d76e00
0x00007fdf33aea630:   00000000eaa2dcc8 00007fdf244f48e0
0x00007fdf33aea640:   0000000000000001 0000000000000000
0x00007fdf33aea650:   0000000000000001 00007fdf33aeb0a0
0x00007fdf33aea660:   00007fdf33aea6b0 00007fdf1ed0733c
0x00007fdf33aea670:   00007fdf33aea6c8 87f3e850c0d76e00 

Instructions: (pc=0x00007fdf1ed1bac7)
0x00007fdf1ed1baa7:   13 00 00 41 83 fe 01 0f 84 ec fb ff ff e9 b9 fa
0x00007fdf1ed1bab7:   ff ff 0f 1f 80 00 00 00 00 48 8b 85 10 0b 00 00
0x00007fdf1ed1bac7:   80 78 0c 00 0f 84 9f fd ff ff 48 89 ef e8 17 82
0x00007fdf1ed1bad7:   0f 00 e9 92 fd ff ff 4c 89 e6 48 89 ef e8 e7 8b 

Register to memory mapping:

RAX=0x0000000000000000 is an unknown value
RBX=0x00007fdf33aea4d0 is pointing into the stack for thread: 0x00007fdf802d3800
RCX=0x0000000000000000 is an unknown value
RDX=0x0000000000000000 is an unknown value
RSP=0x00007fdf33aea480 is pointing into the stack for thread: 0x00007fdf802d3800
RBP=0x00007fdf244f5e10 is an unknown value
RSI=0x0000000000000001 is an unknown value
RDI=0x00007fdf33aea520 is pointing into the stack for thread: 0x00007fdf802d3800
R8 =0x0000000000000000 is an unknown value
R9 =0x0000000000000000 is an unknown value
R10=0x00000000ffff8001 is an unallocated location in the heap
R11=0x00000000ffff8001 is an unallocated location in the heap
R12=0x00007fdf245524e0 is an unknown value
R13=0x0000000000000000 is an unknown value
R14=0x0000000000000000 is an unknown value
R15=0x00007fdf245524e0 is an unknown value


Stack: [0x00007fdf339ee000,0x00007fdf33aef000],  sp=0x00007fdf33aea480,  free space=1009k
Native frames: (J=compiled Java code, j=interpreted, Vv=VM code, C=native code)
C  [libtesseract.so.3.0.4+0x9dac7]  tesseract::Tesseract::recog_all_words(PAGE_RES*, ETEXT_DESC*, TBOX const*, char const*, int)+0x5e7

Java frames: (J=compiled Java code, j=interpreted, Vv=VM code)
j  com.sun.jna.Native.invokePointer(JI[Ljava/lang/Object;)J+0
j  com.sun.jna.Function.invokePointer(I[Ljava/lang/Object;)Lcom/sun/jna/Pointer;+6
j  com.sun.jna.Function.invoke([Ljava/lang/Object;Ljava/lang/Class;Z)Ljava/lang/Object;+426
j  com.sun.jna.Function.invoke(Ljava/lang/Class;[Ljava/lang/Object;Ljava/util/Map;)Ljava/lang/Object;+262
j  com.sun.jna.Library$Handler.invoke(Ljava/lang/Object;Ljava/lang/reflect/Method;[Ljava/lang/Object;)Ljava/lang/Object;+316
j  com.sun.proxy.$Proxy0.TessBaseAPIGetUTF8Text(Lnet/sourceforge/tess4j/ITessAPI$TessBaseAPI;)Lcom/sun/jna/Pointer;+16
j  net.sourceforge.tess4j.Tesseract.getOCRText(Ljava/lang/String;I)Ljava/lang/String;+62
j  net.sourceforge.tess4j.Tesseract.doOCR(Ljava/util/List;Ljava/lang/String;Ljava/awt/Rectangle;)Ljava/lang/String;+69
j  net.sourceforge.tess4j.Tesseract.doOCR(Ljava/util/List;Ljava/awt/Rectangle;)Ljava/lang/String;+4
j  net.sourceforge.tess4j.Tesseract.doOCR(Ljava/awt/image/BufferedImage;Ljava/awt/Rectangle;)Ljava/lang/String;+6
j  net.sourceforge.tess4j.Tesseract.doOCR(Ljava/awt/image/BufferedImage;)Ljava/lang/String;+3
j  com.lehsten.edmund.window.NewImageWindow$2.actionPerformed(Ljava/awt/event/ActionEvent;)V+62
j  javax.swing.AbstractButton.fireActionPerformed(Ljava/awt/event/ActionEvent;)V+83
j  javax.swing.AbstractButton$Handler.actionPerformed(Ljava/awt/event/ActionEvent;)V+5
j  javax.swing.DefaultButtonModel.fireActionPerformed(Ljava/awt/event/ActionEvent;)V+34
j  javax.swing.DefaultButtonModel.setPressed(Z)V+117
j  javax.swing.plaf.basic.BasicButtonListener.mouseReleased(Ljava/awt/event/MouseEvent;)V+35
j  java.awt.Component.processMouseEvent(Ljava/awt/event/MouseEvent;)V+64
j  javax.swing.JComponent.processMouseEvent(Ljava/awt/event/MouseEvent;)V+23
J 1214 C1 java.awt.Component.processEvent(Ljava/awt/AWTEvent;)V (220 bytes) @ 0x00007fdf7141c89c [0x00007fdf7141c380+0x51c]
J 962 C1 java.awt.Container.processEvent(Ljava/awt/AWTEvent;)V (22 bytes) @ 0x00007fdf713635c4 [0x00007fdf713632a0+0x324]
J 870 C1 java.awt.Component.dispatchEventImpl(Ljava/awt/AWTEvent;)V (883 bytes) @ 0x00007fdf712db71c [0x00007fdf712d6280+0x549c]
J 885 C1 java.awt.Container.dispatchEventImpl(Ljava/awt/AWTEvent;)V (129 bytes) @ 0x00007fdf7130a3e4 [0x00007fdf7130a2a0+0x144]
J 986 C1 java.awt.LightweightDispatcher.retargetMouseEvent(Ljava/awt/Component;ILjava/awt/event/MouseEvent;)V (350 bytes) @ 0x00007fdf713799f4 [0x00007fdf713774a0+0x2554]
J 1065 C1 java.awt.LightweightDispatcher.processMouseEvent(Ljava/awt/event/MouseEvent;)Z (286 bytes) @ 0x00007fdf713af29c [0x00007fdf713adb80+0x171c]
J 1082 C1 java.awt.LightweightDispatcher.dispatchEvent(Ljava/awt/AWTEvent;)Z (73 bytes) @ 0x00007fdf713baf34 [0x00007fdf713bab00+0x434]
J 885 C1 java.awt.Container.dispatchEventImpl(Ljava/awt/AWTEvent;)V (129 bytes) @ 0x00007fdf7130a384 [0x00007fdf7130a2a0+0xe4]
J 956 C1 java.awt.Window.dispatchEventImpl(Ljava/awt/AWTEvent;)V (23 bytes) @ 0x00007fdf7135e1c4 [0x00007fdf7135dbe0+0x5e4]
J 1223 C1 java.awt.EventQueue.dispatchEventImpl(Ljava/awt/AWTEvent;Ljava/lang/Object;)V (149 bytes) @ 0x00007fdf7142442c [0x00007fdf71422c00+0x182c]
J 1221 C1 java.awt.EventQueue$3.run()Ljava/lang/Void; (60 bytes) @ 0x00007fdf71422004 [0x00007fdf71421e00+0x204]
J 880 C1 java.awt.EventQueue$3.run()Ljava/lang/Object; (5 bytes) @ 0x00007fdf712e908c [0x00007fdf712e9000+0x8c]
v  ~StubRoutines::call_stub
J 521  java.security.AccessController.doPrivileged(Ljava/security/PrivilegedAction;Ljava/security/AccessControlContext;)Ljava/lang/Object; (0 bytes) @ 0x00007fdf7121e823 [0x00007fdf7121e7c0+0x63]
J 916 C1 java.awt.EventQueue$4.run()Ljava/lang/Object; (5 bytes) @ 0x00007fdf71319024 [0x00007fdf71318c00+0x424]
v  ~StubRoutines::call_stub
J 521  java.security.AccessController.doPrivileged(Ljava/security/PrivilegedAction;Ljava/security/AccessControlContext;)Ljava/lang/Object; (0 bytes) @ 0x00007fdf7121e823 [0x00007fdf7121e7c0+0x63]
J 1227 C1 java.awt.EventQueue.dispatchEvent(Ljava/awt/AWTEvent;)V (80 bytes) @ 0x00007fdf7142bb54 [0x00007fdf7142ad00+0xe54]
J 1059 C1 java.awt.EventDispatchThread.pumpOneEventForFilters(I)V (295 bytes) @ 0x00007fdf713a7a14 [0x00007fdf713a5ec0+0x1b54]
j  java.awt.EventDispatchThread.pumpEventsForFilter(ILjava/awt/Conditional;Ljava/awt/EventFilter;)V+35
j  java.awt.EventDispatchThread.pumpEventsForHierarchy(ILjava/awt/Conditional;Ljava/awt/Component;)V+11
j  java.awt.EventDispatchThread.pumpEvents(ILjava/awt/Conditional;)V+4
j  java.awt.EventDispatchThread.pumpEvents(Ljava/awt/Conditional;)V+3
j  java.awt.EventDispatchThread.run()V+9
v  ~StubRoutines::call_stub

---------------  P R O C E S S  ---------------

Java Threads: ( => current thread )
  0x00007fdf24050800 JavaThread "TimerQueue" daemon [_thread_blocked, id=17359, stack(0x00007fdf1fdfe000,0x00007fdf1feff000)]
  0x00007fdf8000a800 JavaThread "DestroyJavaVM" [_thread_blocked, id=17334, stack(0x00007fdf87d6f000,0x00007fdf87e70000)]
=>0x00007fdf802d3800 JavaThread "AWT-EventQueue-0" [_thread_in_native, id=17351, stack(0x00007fdf339ee000,0x00007fdf33aef000)]
  0x00007fdf802d2000 JavaThread "AWT-Shutdown" [_thread_blocked, id=17350, stack(0x00007fdf33aef000,0x00007fdf33bf0000)]
  0x00007fdf8025e800 JavaThread "AWT-XAWT" daemon [_thread_in_native, id=17349, stack(0x00007fdf58048000,0x00007fdf58149000)]
  0x00007fdf80239000 JavaThread "Java2D Disposer" daemon [_thread_blocked, id=17348, stack(0x00007fdf58149000,0x00007fdf5824a000)]
  0x00007fdf800c3000 JavaThread "Service Thread" daemon [_thread_blocked, id=17346, stack(0x00007fdf5a198000,0x00007fdf5a299000)]
  0x00007fdf800b3800 JavaThread "C1 CompilerThread2" daemon [_thread_blocked, id=17345, stack(0x00007fdf5a299000,0x00007fdf5a39a000)]
  0x00007fdf800b1800 JavaThread "C2 CompilerThread1" daemon [_thread_blocked, id=17344, stack(0x00007fdf5a39a000,0x00007fdf5a49b000)]
  0x00007fdf800af000 JavaThread "C2 CompilerThread0" daemon [_thread_blocked, id=17343, stack(0x00007fdf5a49b000,0x00007fdf5a59c000)]
  0x00007fdf800ac800 JavaThread "Signal Dispatcher" daemon [_thread_blocked, id=17342, stack(0x00007fdf5a59c000,0x00007fdf5a69d000)]
  0x00007fdf80084800 JavaThread "Finalizer" daemon [_thread_blocked, id=17341, stack(0x00007fdf5aaf3000,0x00007fdf5abf4000)]
  0x00007fdf80080000 JavaThread "Reference Handler" daemon [_thread_blocked, id=17340, stack(0x00007fdf5abf4000,0x00007fdf5acf5000)]

Other Threads:
  0x00007fdf80078000 VMThread [stack: 0x00007fdf5acf5000,0x00007fdf5adf6000] [id=17339]
  0x00007fdf800c5800 WatcherThread [stack: 0x00007fdf5a097000,0x00007fdf5a198000] [id=17347]

VM state:not at safepoint (normal execution)

VM Mutex/Monitor currently owned by a thread: None

Heap:
 PSYoungGen      total 377856K, used 331342K [0x00000000d6f00000, 0x00000000ee200000, 0x0000000100000000)
  eden space 375808K, 88% used [0x00000000d6f00000,0x00000000eb293b88,0x00000000ede00000)
  from space 2048K, 0% used [0x00000000ee000000,0x00000000ee000000,0x00000000ee200000)
  to   space 2048K, 0% used [0x00000000ede00000,0x00000000ede00000,0x00000000ee000000)
 ParOldGen       total 214016K, used 73125K [0x0000000084c00000, 0x0000000091d00000, 0x00000000d6f00000)
  object space 214016K, 34% used [0x0000000084c00000,0x0000000089369718,0x0000000091d00000)
 Metaspace       used 20130K, capacity 20352K, committed 20608K, reserved 1067008K
  class space    used 2469K, capacity 2574K, committed 2688K, reserved 1048576K

Card table byte_map: [0x00007fdf84057000,0x00007fdf84432000] byte_map_base: 0x00007fdf83c31000

Marking Bits: (ParMarkBitMap*) 0x00007fdf870472c0
 Begin Bits: [0x00007fdf60260000, 0x00007fdf62130000)
 End Bits:   [0x00007fdf62130000, 0x00007fdf64000000)

Polling page: 0x00007fdf87e9a000

CodeCache: size=245760Kb used=6981Kb max_used=6992Kb free=238778Kb
 bounds [0x00007fdf71000000, 0x00007fdf716e0000, 0x00007fdf80000000]
 total_blobs=2655 nmethods=2045 adapters=523
 compilation: enabled

Compilation events (10 events):
Event: 43,032 Thread 0x00007fdf800b3800 2048       1       java.awt.image.DataBuffer::getNumBanks (5 bytes)
Event: 43,032 Thread 0x00007fdf800b3800 nmethod 2048 0x00007fdf716d4e50 code [0x00007fdf716d4fa0, 0x00007fdf716d50b0]
Event: 43,033 Thread 0x00007fdf800b3800 2049       3       java.lang.reflect.Method::<init> (68 bytes)
Event: 43,033 Thread 0x00007fdf800af000 2051       4       sun.reflect.ClassFileAssembler::emitByte (11 bytes)
Event: 43,033 Thread 0x00007fdf800b1800 2052       4       sun.reflect.ByteVectorImpl::add (38 bytes)
Event: 43,033 Thread 0x00007fdf800b3800 nmethod 2049 0x00007fdf716d4810 code [0x00007fdf716d4980, 0x00007fdf716d4cd0]
Event: 43,033 Thread 0x00007fdf800b3800 2050       3       sun.reflect.ClassFileAssembler::emitConstantPoolUTF8 (50 bytes)
Event: 43,034 Thread 0x00007fdf800b3800 nmethod 2050 0x00007fdf716d3ad0 code [0x00007fdf716d3cc0, 0x00007fdf716d4348]
Event: 43,035 Thread 0x00007fdf800b1800 nmethod 2052 0x00007fdf716d3750 code [0x00007fdf716d38a0, 0x00007fdf716d39a8]
Event: 43,035 Thread 0x00007fdf800af000 nmethod 2051 0x00007fdf716d3310 code [0x00007fdf716d3480, 0x00007fdf716d35c8]

GC Heap History (10 events):
Event: 27,439 GC heap before
{Heap before GC invocations=9 (full 1):
 PSYoungGen      total 125440K, used 93267K [0x00000000d6f00000, 0x00000000e5e80000, 0x0000000100000000)
  eden space 122880K, 75% used [0x00000000d6f00000,0x00000000dc9f4c28,0x00000000de700000)
  from space 2560K, 5% used [0x00000000de700000,0x00000000de720000,0x00000000de980000)
  to   space 2560K, 0% used [0x00000000e5c00000,0x00000000e5c00000,0x00000000e5e80000)
 ParOldGen       total 110080K, used 46880K [0x0000000084c00000, 0x000000008b780000, 0x00000000d6f00000)
  object space 110080K, 42% used [0x0000000084c00000,0x00000000879c83c8,0x000000008b780000)
 Metaspace       used 15260K, capacity 15482K, committed 15872K, reserved 1062912K
  class space    used 1838K, capacity 1933K, committed 2048K, reserved 1048576K
Event: 27,441 GC heap after
Heap after GC invocations=9 (full 1):
 PSYoungGen      total 242688K, used 160K [0x00000000d6f00000, 0x00000000e5e80000, 0x0000000100000000)
  eden space 240128K, 0% used [0x00000000d6f00000,0x00000000d6f00000,0x00000000e5980000)
  from space 2560K, 6% used [0x00000000e5c00000,0x00000000e5c28000,0x00000000e5e80000)
  to   space 2560K, 0% used [0x00000000e5980000,0x00000000e5980000,0x00000000e5c00000)
 ParOldGen       total 110080K, used 46888K [0x0000000084c00000, 0x000000008b780000, 0x00000000d6f00000)
  object space 110080K, 42% used [0x0000000084c00000,0x00000000879ca3c8,0x000000008b780000)
 Metaspace       used 15260K, capacity 15482K, committed 15872K, reserved 1062912K
  class space    used 1838K, capacity 1933K, committed 2048K, reserved 1048576K
}
Event: 38,812 GC heap before
{Heap before GC invocations=10 (full 1):
 PSYoungGen      total 242688K, used 240288K [0x00000000d6f00000, 0x00000000e5e80000, 0x0000000100000000)
  eden space 240128K, 100% used [0x00000000d6f00000,0x00000000e5980000,0x00000000e5980000)
  from space 2560K, 6% used [0x00000000e5c00000,0x00000000e5c28000,0x00000000e5e80000)
  to   space 2560K, 0% used [0x00000000e5980000,0x00000000e5980000,0x00000000e5c00000)
 ParOldGen       total 110080K, used 46888K [0x0000000084c00000, 0x000000008b780000, 0x00000000d6f00000)
  object space 110080K, 42% used [0x0000000084c00000,0x00000000879ca3c8,0x000000008b780000)
 Metaspace       used 15478K, capacity 15674K, committed 16128K, reserved 1062912K
  class space    used 1857K, capacity 1933K, committed 2048K, reserved 1048576K
Event: 38,837 GC heap after
Heap after GC invocations=10 (full 1):
 PSYoungGen      total 242688K, used 224K [0x00000000d6f00000, 0x00000000ee200000, 0x0000000100000000)
  eden space 240128K, 0% used [0x00000000d6f00000,0x00000000d6f00000,0x00000000e5980000)
  from space 2560K, 8% used [0x00000000e5980000,0x00000000e59b8000,0x00000000e5c00000)
  to   space 2048K, 0% used [0x00000000ee000000,0x00000000ee000000,0x00000000ee200000)
 ParOldGen       total 181760K, used 153406K [0x0000000084c00000, 0x000000008fd80000, 0x00000000d6f00000)
  object space 181760K, 84% used [0x0000000084c00000,0x000000008e1cf930,0x000000008fd80000)
 Metaspace       used 15478K, capacity 15674K, committed 16128K, reserved 1062912K
  class space    used 1857K, capacity 1933K, committed 2048K, reserved 1048576K
}
Event: 38,837 GC heap before
{Heap before GC invocations=11 (full 2):
 PSYoungGen      total 242688K, used 224K [0x00000000d6f00000, 0x00000000ee200000, 0x0000000100000000)
  eden space 240128K, 0% used [0x00000000d6f00000,0x00000000d6f00000,0x00000000e5980000)
  from space 2560K, 8% used [0x00000000e5980000,0x00000000e59b8000,0x00000000e5c00000)
  to   space 2048K, 0% used [0x00000000ee000000,0x00000000ee000000,0x00000000ee200000)
 ParOldGen       total 181760K, used 153406K [0x0000000084c00000, 0x000000008fd80000, 0x00000000d6f00000)
  object space 181760K, 84% used [0x0000000084c00000,0x000000008e1cf930,0x000000008fd80000)
 Metaspace       used 15478K, capacity 15674K, committed 16128K, reserved 1062912K
  class space    used 1857K, capacity 1933K, committed 2048K, reserved 1048576K
Event: 38,858 GC heap after
Heap after GC invocations=11 (full 2):
 PSYoungGen      total 242688K, used 0K [0x00000000d6f00000, 0x00000000ee200000, 0x0000000100000000)
  eden space 240128K, 0% used [0x00000000d6f00000,0x00000000d6f00000,0x00000000e5980000)
  from space 2560K, 0% used [0x00000000e5980000,0x00000000e5980000,0x00000000e5c00000)
  to   space 2048K, 0% used [0x00000000ee000000,0x00000000ee000000,0x00000000ee200000)
 ParOldGen       total 173056K, used 73128K [0x0000000084c00000, 0x000000008f500000, 0x00000000d6f00000)
  object space 173056K, 42% used [0x0000000084c00000,0x000000008936a1c0,0x000000008f500000)
 Metaspace       used 15478K, capacity 15674K, committed 16128K, reserved 1062912K
  class space    used 1857K, capacity 1933K, committed 2048K, reserved 1048576K
}
Event: 39,407 GC heap before
{Heap before GC invocations=12 (full 2):
 PSYoungGen      total 242688K, used 240128K [0x00000000d6f00000, 0x00000000ee200000, 0x0000000100000000)
  eden space 240128K, 100% used [0x00000000d6f00000,0x00000000e5980000,0x00000000e5980000)
  from space 2560K, 0% used [0x00000000e5980000,0x00000000e5980000,0x00000000e5c00000)
  to   space 2048K, 0% used [0x00000000ee000000,0x00000000ee000000,0x00000000ee200000)
 ParOldGen       total 173056K, used 73128K [0x0000000084c00000, 0x000000008f500000, 0x00000000d6f00000)
  object space 173056K, 42% used [0x0000000084c00000,0x000000008936a1c0,0x000000008f500000)
 Metaspace       used 15510K, capacity 15674K, committed 16128K, reserved 1062912K
  class space    used 1858K, capacity 1933K, committed 2048K, reserved 1048576K
Event: 39,428 GC heap after
Heap after GC invocations=12 (full 2):
 PSYoungGen      total 377856K, used 160K [0x00000000d6f00000, 0x00000000ee200000, 0x0000000100000000)
  eden space 375808K, 0% used [0x00000000d6f00000,0x00000000d6f00000,0x00000000ede00000)
  from space 2048K, 7% used [0x00000000ee000000,0x00000000ee028000,0x00000000ee200000)
  to   space 2048K, 0% used [0x00000000ede00000,0x00000000ede00000,0x00000000ee000000)
 ParOldGen       total 208896K, used 179637K [0x0000000084c00000, 0x0000000091800000, 0x00000000d6f00000)
  object space 208896K, 85% used [0x0000000084c00000,0x000000008fb6d728,0x0000000091800000)
 Metaspace       used 15510K, capacity 15674K, committed 16128K, reserved 1062912K
  class space    used 1858K, capacity 1933K, committed 2048K, reserved 1048576K
}
Event: 39,428 GC heap before
{Heap before GC invocations=13 (full 3):
 PSYoungGen      total 377856K, used 160K [0x00000000d6f00000, 0x00000000ee200000, 0x0000000100000000)
  eden space 375808K, 0% used [0x00000000d6f00000,0x00000000d6f00000,0x00000000ede00000)
  from space 2048K, 7% used [0x00000000ee000000,0x00000000ee028000,0x00000000ee200000)
  to   space 2048K, 0% used [0x00000000ede00000,0x00000000ede00000,0x00000000ee000000)
 ParOldGen       total 208896K, used 179637K [0x0000000084c00000, 0x0000000091800000, 0x00000000d6f00000)
  object space 208896K, 85% used [0x0000000084c00000,0x000000008fb6d728,0x0000000091800000)
 Metaspace       used 15510K, capacity 15674K, committed 16128K, reserved 1062912K
  class space    used 1858K, capacity 1933K, committed 2048K, reserved 1048576K
Event: 39,465 GC heap after
Heap after GC invocations=13 (full 3):
 PSYoungGen      total 377856K, used 0K [0x00000000d6f00000, 0x00000000ee200000, 0x0000000100000000)
  eden space 375808K, 0% used [0x00000000d6f00000,0x00000000d6f00000,0x00000000ede00000)
  from space 2048K, 0% used [0x00000000ee000000,0x00000000ee000000,0x00000000ee200000)
  to   space 2048K, 0% used [0x00000000ede00000,0x00000000ede00000,0x00000000ee000000)
 ParOldGen       total 214016K, used 73125K [0x0000000084c00000, 0x0000000091d00000, 0x00000000d6f00000)
  object space 214016K, 34% used [0x0000000084c00000,0x0000000089369718,0x0000000091d00000)
 Metaspace       used 15510K, capacity 15674K, committed 16128K, reserved 1062912K
  class space    used 1858K, capacity 1933K, committed 2048K, reserved 1048576K
}

Deoptimization events (10 events):
Event: 42,779 Thread 0x00007fdf802d3800 Uncommon trap: reason=unstable_if action=reinterpret pc=0x00007fdf715e8048 method=java.util.zip.InflaterInputStream.read([BII)I @ 69
Event: 42,875 Thread 0x00007fdf802d3800 Uncommon trap: reason=unstable_if action=reinterpret pc=0x00007fdf7122b97c method=java.lang.String.replace(CC)Ljava/lang/String; @ 26
Event: 42,898 Thread 0x00007fdf802d3800 Uncommon trap: reason=bimorphic action=maybe_recompile pc=0x00007fdf71649950 method=java.util.HashMap.putVal(ILjava/lang/Object;Ljava/lang/Object;ZZ)Ljava/lang/Object; @ 253
Event: 42,898 Thread 0x00007fdf802d3800 Uncommon trap: reason=bimorphic action=maybe_recompile pc=0x00007fdf71649950 method=java.util.HashMap.putVal(ILjava/lang/Object;Ljava/lang/Object;ZZ)Ljava/lang/Object; @ 253
Event: 42,898 Thread 0x00007fdf802d3800 Uncommon trap: reason=bimorphic action=maybe_recompile pc=0x00007fdf71649950 method=java.util.HashMap.putVal(ILjava/lang/Object;Ljava/lang/Object;ZZ)Ljava/lang/Object; @ 253
Event: 42,898 Thread 0x00007fdf802d3800 Uncommon trap: reason=bimorphic action=maybe_recompile pc=0x00007fdf71649950 method=java.util.HashMap.putVal(ILjava/lang/Object;Ljava/lang/Object;ZZ)Ljava/lang/Object; @ 253
Event: 42,933 Thread 0x00007fdf802d3800 Uncommon trap: reason=unstable_if action=reinterpret pc=0x00007fdf71241c44 method=java.util.HashMap.getNode(ILjava/lang/Object;)Ljava/util/HashMap$Node; @ 62
Event: 42,933 Thread 0x00007fdf802d3800 Uncommon trap: reason=unstable_if action=reinterpret pc=0x00007fdf7164cbe8 method=java.util.HashMap.putVal(ILjava/lang/Object;Ljava/lang/Object;ZZ)Ljava/lang/Object; @ 94
Event: 42,933 Thread 0x00007fdf802d3800 Uncommon trap: reason=unstable_if action=reinterpret pc=0x00007fdf7122c1d0 method=java.util.HashMap.getNode(ILjava/lang/Object;)Ljava/util/HashMap$Node; @ 62
Event: 42,933 Thread 0x00007fdf802d3800 Uncommon trap: reason=unstable_if action=reinterpret pc=0x00007fdf716588a0 method=java.util.HashMap.putVal(ILjava/lang/Object;Ljava/lang/Object;ZZ)Ljava/lang/Object; @ 94

Internal exceptions (10 events):
Event: 0,448 Thread 0x00007fdf802d3800 Exception <a 'java/lang/UnsupportedOperationException': > (0x00000000d7416860) thrown at [/build/openjdk-8-aSS7v6/openjdk-8-8u131-b11/src/hotspot/src/share/vm/prims/jni.cpp, line 735]
Event: 2,194 Thread 0x00007fdf802d3800 Exception <a 'java/lang/UnsupportedOperationException': > (0x00000000d76f7ca0) thrown at [/build/openjdk-8-aSS7v6/openjdk-8-8u131-b11/src/hotspot/src/share/vm/prims/jni.cpp, line 735]
Event: 27,710 Thread 0x00007fdf802d3800 Exception <a 'java/lang/NegativeArraySizeException'> (0x00000000d91cc750) thrown at [/build/openjdk-8-aSS7v6/openjdk-8-8u131-b11/src/hotspot/src/share/vm/oops/typeArrayKlass.cpp, line 118]
Event: 27,710 Thread 0x00007fdf802d3800 Exception <a 'java/lang/NegativeArraySizeException'> (0x00000000d91cc750) thrown at [/build/openjdk-8-aSS7v6/openjdk-8-8u131-b11/src/hotspot/src/share/vm/prims/jvm.cpp, line 1394]
Event: 27,710 Thread 0x00007fdf802d3800 Exception <a 'java/lang/NegativeArraySizeException'> (0x00000000d91cc750) thrown at [/build/openjdk-8-aSS7v6/openjdk-8-8u131-b11/src/hotspot/src/share/vm/prims/jvm.cpp, line 1394]
Event: 38,938 Thread 0x00007fdf802d3800 Implicit null exception at 0x00007fdf714f399b to 0x00007fdf714f3b75
Event: 42,723 Thread 0x00007fdf802d3800 Implicit null exception at 0x00007fdf714dbf57 to 0x00007fdf714dcc6a
Event: 42,730 Thread 0x00007fdf802d3800 Exception <a 'java/io/FileNotFoundException'> (0x00000000e9ca88b0) thrown at [/build/openjdk-8-aSS7v6/openjdk-8-8u131-b11/src/hotspot/src/share/vm/prims/jni.cpp, line 709]
Event: 42,914 Thread 0x00007fdf802d3800 Exception <a 'java/lang/UnsatisfiedLinkError': libtesseract.so: cannot open shared object file: No such file or directory> (0x00000000ea8ed8d0) thrown at [/build/openjdk-8-aSS7v6/openjdk-8-8u131-b11/src/hotspot/src/share/vm/prims/jni.cpp, line 735]
Event: 42,914 Thread 0x00007fdf802d3800 Exception <a 'java/lang/UnsatisfiedLinkError': libtesseract.so: cannot open shared object file: No such file or directory> (0x00000000ea8eed38) thrown at [/build/openjdk-8-aSS7v6/openjdk-8-8u131-b11/src/hotspot/src/share/vm/prims/jni.cpp, line 735]

Events (10 events):
Event: 43,030 loading class java/awt/image/DataBufferUShort
Event: 43,030 loading class java/awt/image/DataBufferUShort done
Event: 43,030 loading class java/awt/image/DataBufferShort
Event: 43,030 loading class java/awt/image/DataBufferShort done
Event: 43,031 loading class javax/imageio/ImageTypeSpecifier$Interleaved
Event: 43,031 loading class javax/imageio/ImageTypeSpecifier$Interleaved done
Event: 43,031 loading class sun/awt/image/ShortComponentRaster
Event: 43,031 loading class sun/awt/image/ShortComponentRaster done
Event: 43,033 loading class com/sun/jna/Native$Buffers
Event: 43,033 loading class com/sun/jna/Native$Buffers done


Dynamic libraries:
00400000-00401000 r-xp 00000000 08:01 37097942                           /usr/lib/jvm/java-8-openjdk-amd64/jre/bin/java
00600000-00601000 r--p 00000000 08:01 37097942                           /usr/lib/jvm/java-8-openjdk-amd64/jre/bin/java
00601000-00602000 rw-p 00001000 08:01 37097942                           /usr/lib/jvm/java-8-openjdk-amd64/jre/bin/java
01209000-0122a000 rw-p 00000000 00:00 0                                  [heap]
84c00000-91d00000 rw-p 00000000 00:00 0 
91d00000-d6f00000 ---p 00000000 00:00 0 
d6f00000-ee200000 rw-p 00000000 00:00 0 
ee200000-100000000 ---p 00000000 00:00 0 
100000000-1002a0000 rw-p 00000000 00:00 0 
1002a0000-140000000 ---p 00000000 00:00 0 
7fdf0c000000-7fdf0c021000 rw-p 00000000 00:00 0 
7fdf0c021000-7fdf10000000 ---p 00000000 00:00 0 
7fdf11d54000-7fdf14000000 rw-s 00000000 00:05 13205520                   /SYSV00000000 (deleted)
7fdf14000000-7fdf14021000 rw-p 00000000 00:00 0 
7fdf14021000-7fdf18000000 ---p 00000000 00:00 0 
7fdf18000000-7fdf18021000 rw-p 00000000 00:00 0 
7fdf18021000-7fdf1c000000 ---p 00000000 00:00 0 
7fdf1daab000-7fdf1dab6000 r-xp 00000000 08:01 36184446                   /usr/lib/x86_64-linux-gnu/libjbig.so.0
7fdf1dab6000-7fdf1dcb5000 ---p 0000b000 08:01 36184446                   /usr/lib/x86_64-linux-gnu/libjbig.so.0
7fdf1dcb5000-7fdf1dcb6000 r--p 0000a000 08:01 36184446                   /usr/lib/x86_64-linux-gnu/libjbig.so.0
7fdf1dcb6000-7fdf1dcb9000 rw-p 0000b000 08:01 36184446                   /usr/lib/x86_64-linux-gnu/libjbig.so.0
7fdf1dcb9000-7fdf1dcda000 r-xp 00000000 08:01 1839495                    /lib/x86_64-linux-gnu/liblzma.so.5.0.0
7fdf1dcda000-7fdf1ded9000 ---p 00021000 08:01 1839495                    /lib/x86_64-linux-gnu/liblzma.so.5.0.0
7fdf1ded9000-7fdf1deda000 r--p 00020000 08:01 1839495                    /lib/x86_64-linux-gnu/liblzma.so.5.0.0
7fdf1deda000-7fdf1dedb000 rw-p 00021000 08:01 1839495                    /lib/x86_64-linux-gnu/liblzma.so.5.0.0
7fdf1dedb000-7fdf1df11000 r-xp 00000000 08:01 36187570                   /usr/lib/x86_64-linux-gnu/libopenjp2.so.2.1.0
7fdf1df11000-7fdf1e110000 ---p 00036000 08:01 36187570                   /usr/lib/x86_64-linux-gnu/libopenjp2.so.2.1.0
7fdf1e110000-7fdf1e111000 r--p 00035000 08:01 36187570                   /usr/lib/x86_64-linux-gnu/libopenjp2.so.2.1.0
7fdf1e111000-7fdf1e112000 rw-p 00036000 08:01 36187570                   /usr/lib/x86_64-linux-gnu/libopenjp2.so.2.1.0
7fdf1e112000-7fdf1e16b000 r-xp 00000000 08:01 36184998                   /usr/lib/x86_64-linux-gnu/libwebp.so.5.0.4
7fdf1e16b000-7fdf1e36b000 ---p 00059000 08:01 36184998                   /usr/lib/x86_64-linux-gnu/libwebp.so.5.0.4
7fdf1e36b000-7fdf1e36c000 r--p 00059000 08:01 36184998                   /usr/lib/x86_64-linux-gnu/libwebp.so.5.0.4
7fdf1e36c000-7fdf1e36e000 rw-p 0005a000 08:01 36184998                   /usr/lib/x86_64-linux-gnu/libwebp.so.5.0.4
7fdf1e36e000-7fdf1e3de000 r-xp 00000000 08:01 36190137                   /usr/lib/x86_64-linux-gnu/libtiff.so.5.2.4
7fdf1e3de000-7fdf1e5de000 ---p 00070000 08:01 36190137                   /usr/lib/x86_64-linux-gnu/libtiff.so.5.2.4
7fdf1e5de000-7fdf1e5df000 r--p 00070000 08:01 36190137                   /usr/lib/x86_64-linux-gnu/libtiff.so.5.2.4
7fdf1e5df000-7fdf1e5e2000 rw-p 00071000 08:01 36190137                   /usr/lib/x86_64-linux-gnu/libtiff.so.5.2.4
7fdf1e5e2000-7fdf1e639000 r-xp 00000000 08:01 36184450                   /usr/lib/x86_64-linux-gnu/libjpeg.so.8.0.2
7fdf1e639000-7fdf1e839000 ---p 00057000 08:01 36184450                   /usr/lib/x86_64-linux-gnu/libjpeg.so.8.0.2
7fdf1e839000-7fdf1e83a000 r--p 00057000 08:01 36184450                   /usr/lib/x86_64-linux-gnu/libjpeg.so.8.0.2
7fdf1e83a000-7fdf1e83b000 rw-p 00058000 08:01 36184450                   /usr/lib/x86_64-linux-gnu/libjpeg.so.8.0.2
7fdf1e83b000-7fdf1ea78000 r-xp 00000000 08:01 36176287                   /usr/lib/liblept.so.5.0.0
7fdf1ea78000-7fdf1ec77000 ---p 0023d000 08:01 36176287                   /usr/lib/liblept.so.5.0.0
7fdf1ec77000-7fdf1ec78000 r--p 0023c000 08:01 36176287                   /usr/lib/liblept.so.5.0.0
7fdf1ec78000-7fdf1ec7e000 rw-p 0023d000 08:01 36176287                   /usr/lib/liblept.so.5.0.0
7fdf1ec7e000-7fdf1ef67000 r-xp 00000000 08:01 36176289                   /usr/lib/libtesseract.so.3.0.4
7fdf1ef67000-7fdf1f167000 ---p 002e9000 08:01 36176289                   /usr/lib/libtesseract.so.3.0.4
7fdf1f167000-7fdf1f16b000 r--p 002e9000 08:01 36176289                   /usr/lib/libtesseract.so.3.0.4
7fdf1f16b000-7fdf1f16c000 rw-p 002ed000 08:01 36176289                   /usr/lib/libtesseract.so.3.0.4
7fdf1f16c000-7fdf1f400000 rw-p 00000000 00:00 0 
7fdf1f400000-7fdf1f417000 r-xp 00000000 08:01 29889469                   /tmp/jna-3108481/jna8400001928330491074.tmp (deleted)
7fdf1f417000-7fdf1f516000 ---p 00017000 08:01 29889469                   /tmp/jna-3108481/jna8400001928330491074.tmp (deleted)
7fdf1f516000-7fdf1f518000 rw-p 00016000 08:01 29889469                   /tmp/jna-3108481/jna8400001928330491074.tmp (deleted)
7fdf1f518000-7fdf1f698000 rw-p 00000000 00:00 0 
7fdf1f698000-7fdf1f718000 ---p 00000000 00:00 0 
7fdf1f718000-7fdf1f918000 rw-p 00000000 00:00 0 
7fdf1f918000-7fdf1f9fd000 r-xp 00000000 08:01 37097901                   /usr/lib/jvm/java-8-openjdk-amd64/jre/lib/amd64/libmlib_image.so
7fdf1f9fd000-7fdf1fbfc000 ---p 000e5000 08:01 37097901                   /usr/lib/jvm/java-8-openjdk-amd64/jre/lib/amd64/libmlib_image.so
7fdf1fbfc000-7fdf1fbfd000 r--p 000e4000 08:01 37097901                   /usr/lib/jvm/java-8-openjdk-amd64/jre/lib/amd64/libmlib_image.so
7fdf1fbfd000-7fdf1fbfe000 rw-p 000e5000 08:01 37097901                   /usr/lib/jvm/java-8-openjdk-amd64/jre/lib/amd64/libmlib_image.so
7fdf1fbfe000-7fdf1fdfe000 rw-p 00000000 00:00 0 
7fdf1fdfe000-7fdf1fe01000 ---p 00000000 00:00 0 
7fdf1fe01000-7fdf1feff000 rw-p 00000000 00:00 0 
7fdf1feff000-7fdf1ff02000 ---p 00000000 00:00 0 
7fdf1ff02000-7fdf20000000 rw-p 00000000 00:00 0 
7fdf20000000-7fdf20021000 rw-p 00000000 00:00 0 
7fdf20021000-7fdf24000000 ---p 00000000 00:00 0 
7fdf24000000-7fdf245ef000 rw-p 00000000 00:00 0 
7fdf245ef000-7fdf28000000 ---p 00000000 00:00 0 
7fdf28000000-7fdf28021000 rw-p 00000000 00:00 0 
7fdf28021000-7fdf2c000000 ---p 00000000 00:00 0 
7fdf2c000000-7fdf2c021000 rw-p 00000000 00:00 0 
7fdf2c021000-7fdf30000000 ---p 00000000 00:00 0 
7fdf300c1000-7fdf300c4000 ---p 00000000 00:00 0 
7fdf300c4000-7fdf303c2000 rw-p 00000000 00:00 0 
7fdf303c2000-7fdf303d3000 r-xp 00000000 08:01 37097910                   /usr/lib/jvm/java-8-openjdk-amd64/jre/lib/amd64/libnio.so
7fdf303d3000-7fdf305d3000 ---p 00011000 08:01 37097910                   /usr/lib/jvm/java-8-openjdk-amd64/jre/lib/amd64/libnio.so
7fdf305d3000-7fdf305d4000 r--p 00011000 08:01 37097910                   /usr/lib/jvm/java-8-openjdk-amd64/jre/lib/amd64/libnio.so
7fdf305d4000-7fdf305d5000 rw-p 00012000 08:01 37097910                   /usr/lib/jvm/java-8-openjdk-amd64/jre/lib/amd64/libnio.so
7fdf305d5000-7fdf335d6000 rw-p 00000000 00:00 0 
7fdf335d6000-7fdf335ed000 r-xp 00000000 08:01 37097896                   /usr/lib/jvm/java-8-openjdk-amd64/jre/lib/amd64/libnet.so
7fdf335ed000-7fdf337ec000 ---p 00017000 08:01 37097896                   /usr/lib/jvm/java-8-openjdk-amd64/jre/lib/amd64/libnet.so
7fdf337ec000-7fdf337ed000 r--p 00016000 08:01 37097896                   /usr/lib/jvm/java-8-openjdk-amd64/jre/lib/amd64/libnet.so
7fdf337ed000-7fdf337ee000 rw-p 00017000 08:01 37097896                   /usr/lib/jvm/java-8-openjdk-amd64/jre/lib/amd64/libnet.so
7fdf337ee000-7fdf339ee000 rw-p 00000000 00:00 0 
7fdf339ee000-7fdf339f1000 ---p 00000000 00:00 0 
7fdf339f1000-7fdf33aef000 rw-p 00000000 00:00 0 
7fdf33aef000-7fdf33af2000 ---p 00000000 00:00 0 
7fdf33af2000-7fdf33bf0000 rw-p 00000000 00:00 0 
7fdf33bf0000-7fdf33bf5000 r-xp 00000000 08:01 36183731                   /usr/lib/x86_64-linux-gnu/libXfixes.so.3.1.0
7fdf33bf5000-7fdf33df4000 ---p 00005000 08:01 36183731                   /usr/lib/x86_64-linux-gnu/libXfixes.so.3.1.0
7fdf33df4000-7fdf33df5000 r--p 00004000 08:01 36183731                   /usr/lib/x86_64-linux-gnu/libXfixes.so.3.1.0
7fdf33df5000-7fdf33df6000 rw-p 00005000 08:01 36183731                   /usr/lib/x86_64-linux-gnu/libXfixes.so.3.1.0
7fdf33df6000-7fdf33dff000 r-xp 00000000 08:01 36183723                   /usr/lib/x86_64-linux-gnu/libXcursor.so.1.0.2
7fdf33dff000-7fdf33ffe000 ---p 00009000 08:01 36183723                   /usr/lib/x86_64-linux-gnu/libXcursor.so.1.0.2
7fdf33ffe000-7fdf33fff000 r--p 00008000 08:01 36183723                   /usr/lib/x86_64-linux-gnu/libXcursor.so.1.0.2
7fdf33fff000-7fdf34000000 rw-p 00009000 08:01 36183723                   /usr/lib/x86_64-linux-gnu/libXcursor.so.1.0.2
7fdf34000000-7fdf34021000 rw-p 00000000 00:00 0 
7fdf34021000-7fdf38000000 ---p 00000000 00:00 0 
7fdf38000000-7fdf38021000 rw-p 00000000 00:00 0 
7fdf38021000-7fdf3c000000 ---p 00000000 00:00 0 
7fdf3c000000-7fdf3c5d2000 rw-p 00000000 00:00 0 
7fdf3c5d2000-7fdf40000000 ---p 00000000 00:00 0 
7fdf40000000-7fdf4065b000 rw-p 00000000 00:00 0 
7fdf4065b000-7fdf44000000 ---p 00000000 00:00 0 
7fdf44000000-7fdf44021000 rw-p 00000000 00:00 0 
7fdf44021000-7fdf48000000 ---p 00000000 00:00 0 
7fdf48000000-7fdf4864a000 rw-p 00000000 00:00 0 
7fdf4864a000-7fdf4c000000 ---p 00000000 00:00 0 
7fdf4c000000-7fdf4c021000 rw-p 00000000 00:00 0 
7fdf4c021000-7fdf50000000 ---p 00000000 00:00 0 
7fdf50000000-7fdf50021000 rw-p 00000000 00:00 0 
7fdf50021000-7fdf54000000 ---p 00000000 00:00 0 
7fdf54000000-7fdf54021000 rw-p 00000000 00:00 0 
7fdf54021000-7fdf58000000 ---p 00000000 00:00 0 
7fdf5801c000-7fdf58021000 r--s 0009a000 08:01 37096853                   /usr/lib/jvm/java-8-openjdk-amd64/jre/lib/jsse.jar
7fdf58021000-7fdf58023000 r--s 00004000 08:01 28836275                   /home/edmo/.m2/repository/org/slf4j/log4j-over-slf4j/1.7.25/log4j-over-slf4j-1.7.25.jar
7fdf58023000-7fdf58025000 r--s 00003000 08:01 28836274                   /home/edmo/.m2/repository/org/slf4j/jcl-over-slf4j/1.7.25/jcl-over-slf4j-1.7.25.jar
7fdf58025000-7fdf58027000 r--s 00000000 08:01 28836273                   /home/edmo/.m2/repository/org/slf4j/jul-to-slf4j/1.7.25/jul-to-slf4j-1.7.25.jar
7fdf58027000-7fdf58029000 r--s 00009000 08:01 28836272                   /home/edmo/.m2/repository/org/slf4j/slf4j-api/1.7.25/slf4j-api-1.7.25.jar
7fdf58029000-7fdf58034000 r--s 00069000 08:01 28836271                   /home/edmo/.m2/repository/ch/qos/logback/logback-core/1.2.3/logback-core-1.2.3.jar
7fdf58034000-7fdf5803a000 r--s 00041000 08:01 28836270                   /home/edmo/.m2/repository/ch/qos/logback/logback-classic/1.2.3/logback-classic-1.2.3.jar
7fdf5803a000-7fdf5803c000 r--s 0000c000 08:01 28836269                   /home/edmo/.m2/repository/org/jboss/logging/jboss-logging/3.1.4.GA/jboss-logging-3.1.4.GA.jar
7fdf5803c000-7fdf58048000 r--s 00108000 08:01 28836265                   /home/edmo/.m2/repository/com/lowagie/itext/2.1.7/itext-2.1.7.jar
7fdf58048000-7fdf5804b000 ---p 00000000 00:00 0 
7fdf5804b000-7fdf58149000 rw-p 00000000 00:00 0 
7fdf58149000-7fdf5814c000 ---p 00000000 00:00 0 
7fdf5814c000-7fdf5824a000 rw-p 00000000 00:00 0 
7fdf5824a000-7fdf5826e000 r-xp 00000000 08:01 1839569                    /lib/x86_64-linux-gnu/libpng12.so.0.54.0
7fdf5826e000-7fdf5846d000 ---p 00024000 08:01 1839569                    /lib/x86_64-linux-gnu/libpng12.so.0.54.0
7fdf5846d000-7fdf5846e000 r--p 00023000 08:01 1839569                    /lib/x86_64-linux-gnu/libpng12.so.0.54.0
7fdf5846e000-7fdf5846f000 rw-p 00024000 08:01 1839569                    /lib/x86_64-linux-gnu/libpng12.so.0.54.0
7fdf5846f000-7fdf58513000 r-xp 00000000 08:01 36177751                   /usr/lib/x86_64-linux-gnu/libfreetype.so.6.12.1
7fdf58513000-7fdf58712000 ---p 000a4000 08:01 36177751                   /usr/lib/x86_64-linux-gnu/libfreetype.so.6.12.1
7fdf58712000-7fdf58718000 r--p 000a3000 08:01 36177751                   /usr/lib/x86_64-linux-gnu/libfreetype.so.6.12.1
7fdf58718000-7fdf58719000 rw-p 000a9000 08:01 36177751                   /usr/lib/x86_64-linux-gnu/libfreetype.so.6.12.1
7fdf58719000-7fdf5871e000 r--s 002da000 08:01 28836267                   /home/edmo/.m2/repository/net/sourceforge/lept4j/lept4j/1.4.0/lept4j-1.4.0.jar
7fdf5871e000-7fdf58728000 r--s 00081000 08:01 28836264                   /home/edmo/.m2/repository/org/apache/xmlgraphics/xmlgraphics-commons/1.4/xmlgraphics-commons-1.4.jar
7fdf58728000-7fdf58736000 r--s 0007f000 08:01 28836263                   /home/edmo/.m2/repository/commons-collections/commons-collections/3.2.1/commons-collections-3.2.1.jar
7fdf58736000-7fdf5873f000 r--s 0006f000 08:01 28836260                   /home/edmo/.m2/repository/log4j/log4j/1.2.17/log4j-1.2.17.jar
7fdf5873f000-7fdf58791000 r-xp 00000000 08:01 37097917                   /usr/lib/jvm/java-8-openjdk-amd64/jre/lib/amd64/libfontmanager.so
7fdf58791000-7fdf58991000 ---p 00052000 08:01 37097917                   /usr/lib/jvm/java-8-openjdk-amd64/jre/lib/amd64/libfontmanager.so
7fdf58991000-7fdf58993000 r--p 00052000 08:01 37097917                   /usr/lib/jvm/java-8-openjdk-amd64/jre/lib/amd64/libfontmanager.so
7fdf58993000-7fdf58994000 rw-p 00054000 08:01 37097917                   /usr/lib/jvm/java-8-openjdk-amd64/jre/lib/amd64/libfontmanager.so
7fdf58994000-7fdf58999000 r-xp 00000000 08:01 36183727                   /usr/lib/x86_64-linux-gnu/libXdmcp.so.6.0.0
7fdf58999000-7fdf58b98000 ---p 00005000 08:01 36183727                   /usr/lib/x86_64-linux-gnu/libXdmcp.so.6.0.0
7fdf58b98000-7fdf58b99000 r--p 00004000 08:01 36183727                   /usr/lib/x86_64-linux-gnu/libXdmcp.so.6.0.0
7fdf58b99000-7fdf58b9a000 rw-p 00005000 08:01 36183727                   /usr/lib/x86_64-linux-gnu/libXdmcp.so.6.0.0
7fdf58b9a000-7fdf58b9c000 r-xp 00000000 08:01 36183716                   /usr/lib/x86_64-linux-gnu/libXau.so.6.0.0
7fdf58b9c000-7fdf58d9c000 ---p 00002000 08:01 36183716                   /usr/lib/x86_64-linux-gnu/libXau.so.6.0.0
7fdf58d9c000-7fdf58d9d000 r--p 00002000 08:01 36183716                   /usr/lib/x86_64-linux-gnu/libXau.so.6.0.0
7fdf58d9d000-7fdf58d9e000 rw-p 00003000 08:01 36183716                   /usr/lib/x86_64-linux-gnu/libXau.so.6.0.0
7fdf58d9e000-7fdf58dbf000 r-xp 00000000 08:01 36185094                   /usr/lib/x86_64-linux-gnu/libxcb.so.1.1.0
7fdf58dbf000-7fdf58fbe000 ---p 00021000 08:01 36185094                   /usr/lib/x86_64-linux-gnu/libxcb.so.1.1.0
7fdf58fbe000-7fdf58fbf000 r--p 00020000 08:01 36185094                   /usr/lib/x86_64-linux-gnu/libxcb.so.1.1.0
7fdf58fbf000-7fdf58fc0000 rw-p 00021000 08:01 36185094                   /usr/lib/x86_64-linux-gnu/libxcb.so.1.1.0
7fdf58fc0000-7fdf58fcf000 r-xp 00000000 08:01 36183737                   /usr/lib/x86_64-linux-gnu/libXi.so.6.1.0
7fdf58fcf000-7fdf591ce000 ---p 0000f000 08:01 36183737                   /usr/lib/x86_64-linux-gnu/libXi.so.6.1.0
7fdf591ce000-7fdf591cf000 r--p 0000e000 08:01 36183737                   /usr/lib/x86_64-linux-gnu/libXi.so.6.1.0
7fdf591cf000-7fdf591d0000 rw-p 0000f000 08:01 36183737                   /usr/lib/x86_64-linux-gnu/libXi.so.6.1.0
7fdf591d0000-7fdf591d5000 r-xp 00000000 08:01 36183755                   /usr/lib/x86_64-linux-gnu/libXtst.so.6.1.0
7fdf591d5000-7fdf593d4000 ---p 00005000 08:01 36183755                   /usr/lib/x86_64-linux-gnu/libXtst.so.6.1.0
7fdf593d4000-7fdf593d5000 r--p 00004000 08:01 36183755                   /usr/lib/x86_64-linux-gnu/libXtst.so.6.1.0
7fdf593d5000-7fdf593d6000 rw-p 00005000 08:01 36183755                   /usr/lib/x86_64-linux-gnu/libXtst.so.6.1.0
7fdf593d6000-7fdf593df000 r-xp 00000000 08:01 36183749                   /usr/lib/x86_64-linux-gnu/libXrender.so.1.3.0
7fdf593df000-7fdf595de000 ---p 00009000 08:01 36183749                   /usr/lib/x86_64-linux-gnu/libXrender.so.1.3.0
7fdf595de000-7fdf595df000 r--p 00008000 08:01 36183749                   /usr/lib/x86_64-linux-gnu/libXrender.so.1.3.0
7fdf595df000-7fdf595e0000 rw-p 00009000 08:01 36183749                   /usr/lib/x86_64-linux-gnu/libXrender.so.1.3.0
7fdf595e0000-7fdf59715000 r-xp 00000000 08:01 36183712                   /usr/lib/x86_64-linux-gnu/libX11.so.6.3.0
7fdf59715000-7fdf59915000 ---p 00135000 08:01 36183712                   /usr/lib/x86_64-linux-gnu/libX11.so.6.3.0
7fdf59915000-7fdf59916000 r--p 00135000 08:01 36183712                   /usr/lib/x86_64-linux-gnu/libX11.so.6.3.0
7fdf59916000-7fdf5991a000 rw-p 00136000 08:01 36183712                   /usr/lib/x86_64-linux-gnu/libX11.so.6.3.0
7fdf5991a000-7fdf5992b000 r-xp 00000000 08:01 36183729                   /usr/lib/x86_64-linux-gnu/libXext.so.6.4.0
7fdf5992b000-7fdf59b2a000 ---p 00011000 08:01 36183729                   /usr/lib/x86_64-linux-gnu/libXext.so.6.4.0
7fdf59b2a000-7fdf59b2b000 r--p 00010000 08:01 36183729                   /usr/lib/x86_64-linux-gnu/libXext.so.6.4.0
7fdf59b2b000-7fdf59b2c000 rw-p 00011000 08:01 36183729                   /usr/lib/x86_64-linux-gnu/libXext.so.6.4.0
7fdf59b2c000-7fdf59b30000 r--s 00020000 08:01 28836268                   /home/edmo/.m2/repository/org/jboss/jboss-vfs/3.2.12.Final/jboss-vfs-3.2.12.Final.jar
7fdf59b30000-7fdf59b34000 r--s 0002f000 08:01 28836266                   /home/edmo/.m2/repository/commons-io/commons-io/2.5/commons-io-2.5.jar
7fdf59b34000-7fdf59b3f000 r--s 00088000 08:01 28836258                   /home/edmo/.m2/repository/com/github/jai-imageio/jai-imageio-core/1.3.1/jai-imageio-core-1.3.1.jar
7fdf59b3f000-7fdf59b52000 r--s 00346000 08:01 37096852                   /usr/lib/jvm/java-8-openjdk-amd64/jre/lib/resources.jar
7fdf59b52000-7fdf59ba6000 r-xp 00000000 08:01 37097899                   /usr/lib/jvm/java-8-openjdk-amd64/jre/lib/amd64/libawt_xawt.so
7fdf59ba6000-7fdf59da6000 ---p 00054000 08:01 37097899                   /usr/lib/jvm/java-8-openjdk-amd64/jre/lib/amd64/libawt_xawt.so
7fdf59da6000-7fdf59da7000 r--p 00054000 08:01 37097899                   /usr/lib/jvm/java-8-openjdk-amd64/jre/lib/amd64/libawt_xawt.so
7fdf59da7000-7fdf59daa000 rw-p 00055000 08:01 37097899                   /usr/lib/jvm/java-8-openjdk-amd64/jre/lib/amd64/libawt_xawt.so
7fdf59daa000-7fdf59dab000 rw-p 00000000 00:00 0 
7fdf59dab000-7fdf59e4b000 r-xp 00000000 08:01 37096881                   /usr/lib/jvm/java-8-openjdk-amd64/jre/lib/amd64/libawt.so
7fdf59e4b000-7fdf5a04b000 ---p 000a0000 08:01 37096881                   /usr/lib/jvm/java-8-openjdk-amd64/jre/lib/amd64/libawt.so
7fdf5a04b000-7fdf5a04c000 r--p 000a0000 08:01 37096881                   /usr/lib/jvm/java-8-openjdk-amd64/jre/lib/amd64/libawt.so
7fdf5a04c000-7fdf5a057000 rw-p 000a1000 08:01 37096881                   /usr/lib/jvm/java-8-openjdk-amd64/jre/lib/amd64/libawt.so
7fdf5a057000-7fdf5a07c000 rw-p 00000000 00:00 0 
7fdf5a07c000-7fdf5a097000 r--s 00394000 08:01 37096842                   /usr/lib/jvm/java-8-openjdk-amd64/jre/lib/ext/cldrdata.jar
7fdf5a097000-7fdf5a098000 ---p 00000000 00:00 0 
7fdf5a098000-7fdf5a198000 rw-p 00000000 00:00 0 
7fdf5a198000-7fdf5a19b000 ---p 00000000 00:00 0 
7fdf5a19b000-7fdf5a299000 rw-p 00000000 00:00 0 
7fdf5a299000-7fdf5a29c000 ---p 00000000 00:00 0 
7fdf5a29c000-7fdf5a39a000 rw-p 00000000 00:00 0 
7fdf5a39a000-7fdf5a39d000 ---p 00000000 00:00 0 
7fdf5a39d000-7fdf5a49b000 rw-p 00000000 00:00 0 
7fdf5a49b000-7fdf5a49e000 ---p 00000000 00:00 0 
7fdf5a49e000-7fdf5a59c000 rw-p 00000000 00:00 0 
7fdf5a59c000-7fdf5a59f000 ---p 00000000 00:00 0 
7fdf5a59f000-7fdf5a69d000 rw-p 00000000 00:00 0 
7fdf5a69d000-7fdf5aaf3000 r--p 00000000 08:01 36190313                   /usr/lib/locale/locale-archive
7fdf5aaf3000-7fdf5aaf6000 ---p 00000000 00:00 0 
7fdf5aaf6000-7fdf5abf4000 rw-p 00000000 00:00 0 
7fdf5abf4000-7fdf5abf7000 ---p 00000000 00:00 0 
7fdf5abf7000-7fdf5acf5000 rw-p 00000000 00:00 0 
7fdf5acf5000-7fdf5acf6000 ---p 00000000 00:00 0 
7fdf5acf6000-7fdf5c000000 rw-p 00000000 00:00 0 
7fdf5c000000-7fdf5c021000 rw-p 00000000 00:00 0 
7fdf5c021000-7fdf60000000 ---p 00000000 00:00 0 
7fdf60001000-7fdf6001c000 r--s 001d6000 08:01 37096839                   /usr/lib/jvm/java-8-openjdk-amd64/jre/lib/ext/nashorn.jar
7fdf6001c000-7fdf64000000 rw-p 00000000 00:00 0 
7fdf64000000-7fdf64021000 rw-p 00000000 00:00 0 
7fdf64021000-7fdf68000000 ---p 00000000 00:00 0 
7fdf68000000-7fdf68021000 rw-p 00000000 00:00 0 
7fdf68021000-7fdf6c000000 ---p 00000000 00:00 0 
7fdf6c000000-7fdf6c021000 rw-p 00000000 00:00 0 
7fdf6c021000-7fdf70000000 ---p 00000000 00:00 0 
7fdf70000000-7fdf70002000 r--s 0000d000 08:01 28836262                   /home/edmo/.m2/repository/commons-logging/commons-logging/1.1.1/commons-logging-1.1.1.jar
7fdf70002000-7fdf70007000 r--s 00035000 08:01 28836261                   /home/edmo/.m2/repository/commons-beanutils/commons-beanutils/1.9.2/commons-beanutils-1.9.2.jar
7fdf70007000-7fdf7034c000 rw-p 00000000 00:00 0 
7fdf7034c000-7fdf7051a000 r--s 03c13000 08:01 37097938                   /usr/lib/jvm/java-8-openjdk-amd64/jre/lib/rt.jar
7fdf7051a000-7fdf7096a000 rw-p 00000000 00:00 0 
7fdf7096a000-7fdf7096b000 ---p 00000000 00:00 0 
7fdf7096b000-7fdf70a6b000 rw-p 00000000 00:00 0 
7fdf70a6b000-7fdf70a6c000 ---p 00000000 00:00 0 
7fdf70a6c000-7fdf70b6c000 rw-p 00000000 00:00 0 
7fdf70b6c000-7fdf70b6d000 ---p 00000000 00:00 0 
7fdf70b6d000-7fdf70c6d000 rw-p 00000000 00:00 0 
7fdf70c6d000-7fdf70c6e000 ---p 00000000 00:00 0 
7fdf70c6e000-7fdf70dd7000 rw-p 00000000 00:00 0 
7fdf70dd7000-7fdf71000000 ---p 00000000 00:00 0 
7fdf71000000-7fdf716e0000 rwxp 00000000 00:00 0 
7fdf716e0000-7fdf80000000 ---p 00000000 00:00 0 
7fdf80000000-7fdf80345000 rw-p 00000000 00:00 0 
7fdf80345000-7fdf84000000 ---p 00000000 00:00 0 
7fdf84000000-7fdf84005000 r--s 00028000 08:01 28836259                   /home/edmo/.m2/repository/org/ghost4j/ghost4j/1.0.1/ghost4j-1.0.1.jar
7fdf84005000-7fdf84009000 r--s 000dc000 08:01 28836257                   /home/edmo/.m2/repository/net/java/dev/jna/jna/4.1.0/jna-4.1.0.jar
7fdf84009000-7fdf840c0000 rw-p 00000000 00:00 0 
7fdf840c0000-7fdf842e8000 ---p 00000000 00:00 0 
7fdf842e8000-7fdf843a2000 rw-p 00000000 00:00 0 
7fdf843a2000-7fdf84431000 ---p 00000000 00:00 0 
7fdf84431000-7fdf8444e000 rw-p 00000000 00:00 0 
7fdf8444e000-7fdf847f2000 ---p 00000000 00:00 0 
7fdf847f2000-7fdf847fa000 r-xp 00000000 08:01 37097905                   /usr/lib/jvm/java-8-openjdk-amd64/jre/lib/amd64/libzip.so
7fdf847fa000-7fdf849f9000 ---p 00008000 08:01 37097905                   /usr/lib/jvm/java-8-openjdk-amd64/jre/lib/amd64/libzip.so
7fdf849f9000-7fdf849fa000 r--p 00007000 08:01 37097905                   /usr/lib/jvm/java-8-openjdk-amd64/jre/lib/amd64/libzip.so
7fdf849fa000-7fdf849fb000 rw-p 00008000 08:01 37097905                   /usr/lib/jvm/java-8-openjdk-amd64/jre/lib/amd64/libzip.so
7fdf849fb000-7fdf84a06000 r-xp 00000000 08:01 1838041                    /lib/x86_64-linux-gnu/libnss_files-2.23.so
7fdf84a06000-7fdf84c05000 ---p 0000b000 08:01 1838041                    /lib/x86_64-linux-gnu/libnss_files-2.23.so
7fdf84c05000-7fdf84c06000 r--p 0000a000 08:01 1838041                    /lib/x86_64-linux-gnu/libnss_files-2.23.so
7fdf84c06000-7fdf84c07000 rw-p 0000b000 08:01 1838041                    /lib/x86_64-linux-gnu/libnss_files-2.23.so
7fdf84c07000-7fdf84c0d000 rw-p 00000000 00:00 0 
7fdf84c0d000-7fdf84c18000 r-xp 00000000 08:01 1838047                    /lib/x86_64-linux-gnu/libnss_nis-2.23.so
7fdf84c18000-7fdf84e17000 ---p 0000b000 08:01 1838047                    /lib/x86_64-linux-gnu/libnss_nis-2.23.so
7fdf84e17000-7fdf84e18000 r--p 0000a000 08:01 1838047                    /lib/x86_64-linux-gnu/libnss_nis-2.23.so
7fdf84e18000-7fdf84e19000 rw-p 0000b000 08:01 1838047                    /lib/x86_64-linux-gnu/libnss_nis-2.23.so
7fdf84e19000-7fdf84e2f000 r-xp 00000000 08:01 1835193                    /lib/x86_64-linux-gnu/libnsl-2.23.so
7fdf84e2f000-7fdf8502e000 ---p 00016000 08:01 1835193                    /lib/x86_64-linux-gnu/libnsl-2.23.so
7fdf8502e000-7fdf8502f000 r--p 00015000 08:01 1835193                    /lib/x86_64-linux-gnu/libnsl-2.23.so
7fdf8502f000-7fdf85030000 rw-p 00016000 08:01 1835193                    /lib/x86_64-linux-gnu/libnsl-2.23.so
7fdf85030000-7fdf85032000 rw-p 00000000 00:00 0 
7fdf85032000-7fdf8503a000 r-xp 00000000 08:01 1838059                    /lib/x86_64-linux-gnu/libnss_compat-2.23.so
7fdf8503a000-7fdf85239000 ---p 00008000 08:01 1838059                    /lib/x86_64-linux-gnu/libnss_compat-2.23.so
7fdf85239000-7fdf8523a000 r--p 00007000 08:01 1838059                    /lib/x86_64-linux-gnu/libnss_compat-2.23.so
7fdf8523a000-7fdf8523b000 rw-p 00008000 08:01 1838059                    /lib/x86_64-linux-gnu/libnss_compat-2.23.so
7fdf8523b000-7fdf85268000 r-xp 00000000 08:01 37097923                   /usr/lib/jvm/java-8-openjdk-amd64/jre/lib/amd64/libjava.so
7fdf85268000-7fdf85467000 ---p 0002d000 08:01 37097923                   /usr/lib/jvm/java-8-openjdk-amd64/jre/lib/amd64/libjava.so
7fdf85467000-7fdf85468000 r--p 0002c000 08:01 37097923                   /usr/lib/jvm/java-8-openjdk-amd64/jre/lib/amd64/libjava.so
7fdf85468000-7fdf8546a000 rw-p 0002d000 08:01 37097923                   /usr/lib/jvm/java-8-openjdk-amd64/jre/lib/amd64/libjava.so
7fdf8546a000-7fdf85479000 r-xp 00000000 08:01 37097897                   /usr/lib/jvm/java-8-openjdk-amd64/jre/lib/amd64/libverify.so
7fdf85479000-7fdf85678000 ---p 0000f000 08:01 37097897                   /usr/lib/jvm/java-8-openjdk-amd64/jre/lib/amd64/libverify.so
7fdf85678000-7fdf8567a000 r--p 0000e000 08:01 37097897                   /usr/lib/jvm/java-8-openjdk-amd64/jre/lib/amd64/libverify.so
7fdf8567a000-7fdf8567b000 rw-p 00010000 08:01 37097897                   /usr/lib/jvm/java-8-openjdk-amd64/jre/lib/amd64/libverify.so
7fdf8567b000-7fdf85682000 r-xp 00000000 08:01 1838051                    /lib/x86_64-linux-gnu/librt-2.23.so
7fdf85682000-7fdf85881000 ---p 00007000 08:01 1838051                    /lib/x86_64-linux-gnu/librt-2.23.so
7fdf85881000-7fdf85882000 r--p 00006000 08:01 1838051                    /lib/x86_64-linux-gnu/librt-2.23.so
7fdf85882000-7fdf85883000 rw-p 00007000 08:01 1838051                    /lib/x86_64-linux-gnu/librt-2.23.so
7fdf85883000-7fdf85899000 r-xp 00000000 08:01 1839466                    /lib/x86_64-linux-gnu/libgcc_s.so.1
7fdf85899000-7fdf85a98000 ---p 00016000 08:01 1839466                    /lib/x86_64-linux-gnu/libgcc_s.so.1
7fdf85a98000-7fdf85a99000 rw-p 00015000 08:01 1839466                    /lib/x86_64-linux-gnu/libgcc_s.so.1
7fdf85a99000-7fdf85ba1000 r-xp 00000000 08:01 1838069                    /lib/x86_64-linux-gnu/libm-2.23.so
7fdf85ba1000-7fdf85da0000 ---p 00108000 08:01 1838069                    /lib/x86_64-linux-gnu/libm-2.23.so
7fdf85da0000-7fdf85da1000 r--p 00107000 08:01 1838069                    /lib/x86_64-linux-gnu/libm-2.23.so
7fdf85da1000-7fdf85da2000 rw-p 00108000 08:01 1838069                    /lib/x86_64-linux-gnu/libm-2.23.so
7fdf85da2000-7fdf85f14000 r-xp 00000000 08:01 36177917                   /usr/lib/x86_64-linux-gnu/libstdc++.so.6.0.21
7fdf85f14000-7fdf86114000 ---p 00172000 08:01 36177917                   /usr/lib/x86_64-linux-gnu/libstdc++.so.6.0.21
7fdf86114000-7fdf8611e000 r--p 00172000 08:01 36177917                   /usr/lib/x86_64-linux-gnu/libstdc++.so.6.0.21
7fdf8611e000-7fdf86120000 rw-p 0017c000 08:01 36177917                   /usr/lib/x86_64-linux-gnu/libstdc++.so.6.0.21
7fdf86120000-7fdf86124000 rw-p 00000000 00:00 0 
7fdf86124000-7fdf86d78000 r-xp 00000000 08:01 37097907                   /usr/lib/jvm/java-8-openjdk-amd64/jre/lib/amd64/server/libjvm.so
7fdf86d78000-7fdf86f78000 ---p 00c54000 08:01 37097907                   /usr/lib/jvm/java-8-openjdk-amd64/jre/lib/amd64/server/libjvm.so
7fdf86f78000-7fdf8700b000 r--p 00c54000 08:01 37097907                   /usr/lib/jvm/java-8-openjdk-amd64/jre/lib/amd64/server/libjvm.so
7fdf8700b000-7fdf87034000 rw-p 00ce7000 08:01 37097907                   /usr/lib/jvm/java-8-openjdk-amd64/jre/lib/amd64/server/libjvm.so
7fdf87034000-7fdf87064000 rw-p 00000000 00:00 0 
7fdf87064000-7fdf8707c000 r-xp 00000000 08:01 1838045                    /lib/x86_64-linux-gnu/libpthread-2.23.so
7fdf8707c000-7fdf8727b000 ---p 00018000 08:01 1838045                    /lib/x86_64-linux-gnu/libpthread-2.23.so
7fdf8727b000-7fdf8727c000 r--p 00017000 08:01 1838045                    /lib/x86_64-linux-gnu/libpthread-2.23.so
7fdf8727c000-7fdf8727d000 rw-p 00018000 08:01 1838045                    /lib/x86_64-linux-gnu/libpthread-2.23.so
7fdf8727d000-7fdf87281000 rw-p 00000000 00:00 0 
7fdf87281000-7fdf87284000 r-xp 00000000 08:01 1838057                    /lib/x86_64-linux-gnu/libdl-2.23.so
7fdf87284000-7fdf87483000 ---p 00003000 08:01 1838057                    /lib/x86_64-linux-gnu/libdl-2.23.so
7fdf87483000-7fdf87484000 r--p 00002000 08:01 1838057                    /lib/x86_64-linux-gnu/libdl-2.23.so
7fdf87484000-7fdf87485000 rw-p 00003000 08:01 1838057                    /lib/x86_64-linux-gnu/libdl-2.23.so
7fdf87485000-7fdf8749e000 r-xp 00000000 08:01 1839301                    /lib/x86_64-linux-gnu/libz.so.1.2.8
7fdf8749e000-7fdf8769d000 ---p 00019000 08:01 1839301                    /lib/x86_64-linux-gnu/libz.so.1.2.8
7fdf8769d000-7fdf8769e000 r--p 00018000 08:01 1839301                    /lib/x86_64-linux-gnu/libz.so.1.2.8
7fdf8769e000-7fdf8769f000 rw-p 00019000 08:01 1839301                    /lib/x86_64-linux-gnu/libz.so.1.2.8
7fdf8769f000-7fdf8785f000 r-xp 00000000 08:01 1838076                    /lib/x86_64-linux-gnu/libc-2.23.so
7fdf8785f000-7fdf87a5f000 ---p 001c0000 08:01 1838076                    /lib/x86_64-linux-gnu/libc-2.23.so
7fdf87a5f000-7fdf87a63000 r--p 001c0000 08:01 1838076                    /lib/x86_64-linux-gnu/libc-2.23.so
7fdf87a63000-7fdf87a65000 rw-p 001c4000 08:01 1838076                    /lib/x86_64-linux-gnu/libc-2.23.so
7fdf87a65000-7fdf87a69000 rw-p 00000000 00:00 0 
7fdf87a69000-7fdf87a76000 r-xp 00000000 08:01 37097918                   /usr/lib/jvm/java-8-openjdk-amd64/jre/lib/amd64/jli/libjli.so
7fdf87a76000-7fdf87c76000 ---p 0000d000 08:01 37097918                   /usr/lib/jvm/java-8-openjdk-amd64/jre/lib/amd64/jli/libjli.so
7fdf87c76000-7fdf87c77000 r--p 0000d000 08:01 37097918                   /usr/lib/jvm/java-8-openjdk-amd64/jre/lib/amd64/jli/libjli.so
7fdf87c77000-7fdf87c78000 rw-p 0000e000 08:01 37097918                   /usr/lib/jvm/java-8-openjdk-amd64/jre/lib/amd64/jli/libjli.so
7fdf87c78000-7fdf87c9e000 r-xp 00000000 08:01 1835201                    /lib/x86_64-linux-gnu/ld-2.23.so
7fdf87c9e000-7fdf87ca1000 r--s 02475000 08:01 28836256                   /home/edmo/.m2/repository/net/sourceforge/tess4j/tess4j/3.4.0/tess4j-3.4.0.jar
7fdf87ca1000-7fdf87ca4000 r--s 0001e000 08:01 25171611                   /home/edmo/Documents/Programing/Java EE workspaces/Langenwerder/Langenwerder Fogle beringung/jgoodies-forms-1.8.0.jar
7fdf87ca4000-7fdf87d6f000 rw-p 00000000 00:00 0 
7fdf87d6f000-7fdf87d72000 ---p 00000000 00:00 0 
7fdf87d72000-7fdf87e75000 rw-p 00000000 00:00 0 
7fdf87e75000-7fdf87e76000 r--s 0000a000 08:01 37096845                   /usr/lib/jvm/java-8-openjdk-amd64/jre/lib/ext/jaccess.jar
7fdf87e76000-7fdf87e80000 r--s 00116000 08:01 37096841                   /usr/lib/jvm/java-8-openjdk-amd64/jre/lib/ext/localedata.jar
7fdf87e80000-7fdf87e82000 r--s 00001000 08:01 37096847                   /usr/lib/jvm/java-8-openjdk-amd64/jre/lib/ext/dnsns.jar
7fdf87e82000-7fdf87e87000 r--s 0003b000 08:01 37096843                   /usr/lib/jvm/java-8-openjdk-amd64/jre/lib/ext/sunjce_provider.jar
7fdf87e87000-7fdf87e8b000 r--s 00037000 08:01 37096846                   /usr/lib/jvm/java-8-openjdk-amd64/jre/lib/ext/sunpkcs11.jar
7fdf87e8b000-7fdf87e8c000 r--s 00010000 08:01 37096840                   /usr/lib/jvm/java-8-openjdk-amd64/jre/lib/ext/zipfs.jar
7fdf87e8c000-7fdf87e8e000 r--s 00008000 08:01 37096844                   /usr/lib/jvm/java-8-openjdk-amd64/jre/lib/ext/sunec.jar
7fdf87e8e000-7fdf87e91000 r--s 0000f000 08:01 37096838                   /usr/lib/jvm/java-8-openjdk-amd64/jre/lib/ext/icedtea-sound.jar
7fdf87e91000-7fdf87e99000 rw-s 00000000 08:01 29889442                   /tmp/hsperfdata_edmo/17328
7fdf87e99000-7fdf87e9a000 rw-p 00000000 00:00 0 
7fdf87e9a000-7fdf87e9b000 r--p 00000000 00:00 0 
7fdf87e9b000-7fdf87e9d000 rw-p 00000000 00:00 0 
7fdf87e9d000-7fdf87e9e000 r--p 00025000 08:01 1835201                    /lib/x86_64-linux-gnu/ld-2.23.so
7fdf87e9e000-7fdf87e9f000 rw-p 00026000 08:01 1835201                    /lib/x86_64-linux-gnu/ld-2.23.so
7fdf87e9f000-7fdf87ea0000 rw-p 00000000 00:00 0 
7ffd09628000-7ffd09649000 rw-p 00000000 00:00 0                          [stack]
7ffd096e6000-7ffd096e8000 r--p 00000000 00:00 0                          [vvar]
7ffd096e8000-7ffd096ea000 r-xp 00000000 00:00 0                          [vdso]
ffffffffff600000-ffffffffff601000 r-xp 00000000 00:00 0                  [vsyscall]

VM Arguments:
jvm_args: -Dfile.encoding=UTF-8 
java_command: com.lehsten.edmund.launcher
java_class_path (initial): /home/edmo/Documents/Programing/Java EE workspaces/Langenwerder/Langenwerder Fogle beringung/target/classes:/home/edmo/Documents/Programing/Java EE workspaces/Langenwerder/Langenwerder Fogle beringung/jgoodies-forms-1.8.0.jar:/home/edmo/.m2/repository/net/sourceforge/tess4j/tess4j/3.4.0/tess4j-3.4.0.jar:/home/edmo/.m2/repository/net/java/dev/jna/jna/4.1.0/jna-4.1.0.jar:/home/edmo/.m2/repository/com/github/jai-imageio/jai-imageio-core/1.3.1/jai-imageio-core-1.3.1.jar:/home/edmo/.m2/repository/org/ghost4j/ghost4j/1.0.1/ghost4j-1.0.1.jar:/home/edmo/.m2/repository/log4j/log4j/1.2.17/log4j-1.2.17.jar:/home/edmo/.m2/repository/commons-beanutils/commons-beanutils/1.9.2/commons-beanutils-1.9.2.jar:/home/edmo/.m2/repository/commons-logging/commons-logging/1.1.1/commons-logging-1.1.1.jar:/home/edmo/.m2/repository/commons-collections/commons-collections/3.2.1/commons-collections-3.2.1.jar:/home/edmo/.m2/repository/org/apache/xmlgraphics/xmlgraphics-commons/1.4/xmlgraphics-commons-1.4.jar:/home/edmo/.m2/repository/com/lowagie/itext/2.1.7/itext-2.1.7.jar:/home/edmo/.m2/repository/commons-io/commons-io/2.5/commons-io-2.5.jar:/home/edmo/.m2/repository/net/sourceforge/lept4j/lept4j/1.4.0/lept4j-1.4.0.jar:/home/edmo/.m2/repository/org/jboss/jboss-vfs/3.2.12.Final/jboss-vfs-3.2.12.Final.jar:/home/edmo/.m2/repository/org/jboss/logging/jboss-logging/3.1.4.GA/jboss-logging-3.1.4.GA.jar:/home/edmo/.m2/repository/ch/qos/logback/logback-classic/1.2.3/logback-classic-1.2.3.jar:/home/edmo/.m2/repository/ch/qos/logback/logback-core/1.2.3/logback-core-1.2.3.jar:/home/edmo/.m2/repository/org/slf4j/slf4j-api/1.7.25/slf4j-api-1.7.25.jar:/home/edmo/.m2/repository/org/slf4j/jul-to-slf4j/1.7.25/jul-to-slf4j-1.7.25.jar:/home/edmo/.m2/repository/org/slf4j/jcl-over-slf4j/1.7.25/jcl-over-slf4j-1.7.25.jar:/home/edmo/.m2/repository/org/slf4j/log4j-over-slf4j/1.7.25/log4j-over-slf4j-1.7.25.jar
Launcher Type: SUN_STANDARD

Environment Variables:
PATH=/home/edmo/bin:/home/edmo/.local/bin:/usr/local/sbin:/usr/local/bin:/usr/sbin:/usr/bin:/sbin:/bin:/usr/games:/usr/local/games:/snap/bin
SHELL=/bin/bash
DISPLAY=:0

Signal Handlers:
SIGSEGV: [libjvm.so+0xa6ad10], sa_mask[0]=11111111011111111101111111111110, sa_flags=SA_RESTART|SA_SIGINFO
SIGBUS: [libjvm.so+0xa6ad10], sa_mask[0]=11111111011111111101111111111110, sa_flags=SA_RESTART|SA_SIGINFO
SIGFPE: [libjvm.so+0x8b3bc0], sa_mask[0]=11111111011111111101111111111110, sa_flags=SA_RESTART|SA_SIGINFO
SIGPIPE: [libjvm.so+0x8b3bc0], sa_mask[0]=11111111011111111101111111111110, sa_flags=SA_RESTART|SA_SIGINFO
SIGXFSZ: [libjvm.so+0x8b3bc0], sa_mask[0]=11111111011111111101111111111110, sa_flags=SA_RESTART|SA_SIGINFO
SIGILL: [libjvm.so+0x8b3bc0], sa_mask[0]=11111111011111111101111111111110, sa_flags=SA_RESTART|SA_SIGINFO
SIGUSR1: SIG_DFL, sa_mask[0]=00000000000000000000000000000000, sa_flags=none
SIGUSR2: [libjvm.so+0x8b3a70], sa_mask[0]=00100000000000000000000000000000, sa_flags=SA_RESTART|SA_SIGINFO
SIGHUP: [libjvm.so+0x8b3f40], sa_mask[0]=11111111011111111101111111111110, sa_flags=SA_RESTART|SA_SIGINFO
SIGINT: [libjvm.so+0x8b3f40], sa_mask[0]=11111111011111111101111111111110, sa_flags=SA_RESTART|SA_SIGINFO
SIGTERM: [libjvm.so+0x8b3f40], sa_mask[0]=11111111011111111101111111111110, sa_flags=SA_RESTART|SA_SIGINFO
SIGQUIT: [libjvm.so+0x8b3f40], sa_mask[0]=11111111011111111101111111111110, sa_flags=SA_RESTART|SA_SIGINFO


---------------  S Y S T E M  ---------------

OS:DISTRIB_ID=Ubuntu
DISTRIB_RELEASE=16.04
DISTRIB_CODENAME=xenial
DISTRIB_DESCRIPTION="Ubuntu 16.04.2 LTS"

uname:Linux 4.4.0-87-generic #110-Ubuntu SMP Tue Jul 18 12:55:35 UTC 2017 x86_64
libc:glibc 2.23 NPTL 2.23 
rlimit: STACK 8192k, CORE 0k, NPROC 31386, NOFILE 1048576, AS infinity
load average:0,17 0,19 0,56

/proc/meminfo:
MemTotal:        8074940 kB
MemFree:         1911316 kB
MemAvailable:    3948204 kB
Buffers:          319456 kB
Cached:          2269944 kB
SwapCached:            0 kB
Active:          4659816 kB
Inactive:        1155016 kB
Active(anon):    3231568 kB
Inactive(anon):   449612 kB
Active(file):    1428248 kB
Inactive(file):   705404 kB
Unevictable:          32 kB
Mlocked:              32 kB
SwapTotal:       8283132 kB
SwapFree:        8283132 kB
Dirty:               228 kB
Writeback:             0 kB
AnonPages:       3225816 kB
Mapped:           509996 kB
Shmem:            455496 kB
Slab:             247352 kB
SReclaimable:     209148 kB
SUnreclaim:        38204 kB
KernelStack:       10560 kB
PageTables:        38548 kB
NFS_Unstable:          0 kB
Bounce:                0 kB
WritebackTmp:          0 kB
CommitLimit:    12320600 kB
Committed_AS:    7985580 kB
VmallocTotal:   34359738367 kB
VmallocUsed:           0 kB
VmallocChunk:          0 kB
HardwareCorrupted:     0 kB
AnonHugePages:   1761280 kB
CmaTotal:              0 kB
CmaFree:               0 kB
HugePages_Total:       0
HugePages_Free:        0
HugePages_Rsvd:        0
HugePages_Surp:        0
Hugepagesize:       2048 kB
DirectMap4k:      144124 kB
DirectMap2M:     8144896 kB


CPU:total 4 (initial active 4) (2 cores per cpu, 2 threads per core) family 6 model 58 stepping 9, cmov, cx8, fxsr, mmx, sse, sse2, sse3, ssse3, sse4.1, sse4.2, popcnt, avx, aes, clmul, erms, ht, tsc, tscinvbit, tscinv

/proc/cpuinfo:
processor	: 0
vendor_id	: GenuineIntel
cpu family	: 6
model		: 58
model name	: Intel(R) Core(TM) i5-3210M CPU @ 2.50GHz
stepping	: 9
microcode	: 0x1c
cpu MHz		: 2904.296
cache size	: 3072 KB
physical id	: 0
siblings	: 4
core id		: 0
cpu cores	: 2
apicid		: 0
initial apicid	: 0
fpu		: yes
fpu_exception	: yes
cpuid level	: 13
wp		: yes
flags		: fpu vme de pse tsc msr pae mce cx8 apic sep mtrr pge mca cmov pat pse36 clflush dts acpi mmx fxsr sse sse2 ss ht tm pbe syscall nx rdtscp lm constant_tsc arch_perfmon pebs bts rep_good nopl xtopology nonstop_tsc aperfmperf eagerfpu pni pclmulqdq dtes64 monitor ds_cpl vmx est tm2 ssse3 cx16 xtpr pdcm pcid sse4_1 sse4_2 x2apic popcnt tsc_deadline_timer aes xsave avx f16c rdrand lahf_lm epb tpr_shadow vnmi flexpriority ept vpid fsgsbase smep erms xsaveopt dtherm ida arat pln pts
bugs		:
bogomips	: 4988.47
clflush size	: 64
cache_alignment	: 64
address sizes	: 36 bits physical, 48 bits virtual
power management:

processor	: 1
vendor_id	: GenuineIntel
cpu family	: 6
model		: 58
model name	: Intel(R) Core(TM) i5-3210M CPU @ 2.50GHz
stepping	: 9
microcode	: 0x1c
cpu MHz		: 2978.808
cache size	: 3072 KB
physical id	: 0
siblings	: 4
core id		: 0
cpu cores	: 2
apicid		: 1
initial apicid	: 1
fpu		: yes
fpu_exception	: yes
cpuid level	: 13
wp		: yes
flags		: fpu vme de pse tsc msr pae mce cx8 apic sep mtrr pge mca cmov pat pse36 clflush dts acpi mmx fxsr sse sse2 ss ht tm pbe syscall nx rdtscp lm constant_tsc arch_perfmon pebs bts rep_good nopl xtopology nonstop_tsc aperfmperf eagerfpu pni pclmulqdq dtes64 monitor ds_cpl vmx est tm2 ssse3 cx16 xtpr pdcm pcid sse4_1 sse4_2 x2apic popcnt tsc_deadline_timer aes xsave avx f16c rdrand lahf_lm epb tpr_shadow vnmi flexpriority ept vpid fsgsbase smep erms xsaveopt dtherm ida arat pln pts
bugs		:
bogomips	: 4988.47
clflush size	: 64
cache_alignment	: 64
address sizes	: 36 bits physical, 48 bits virtual
power management:

processor	: 2
vendor_id	: GenuineIntel
cpu family	: 6
model		: 58
model name	: Intel(R) Core(TM) i5-3210M CPU @ 2.50GHz
stepping	: 9
microcode	: 0x1c
cpu MHz		: 2900.000
cache size	: 3072 KB
physical id	: 0
siblings	: 4
core id		: 1
cpu cores	: 2
apicid		: 2
initial apicid	: 2
fpu		: yes
fpu_exception	: yes
cpuid level	: 13
wp		: yes
flags		: fpu vme de pse tsc msr pae mce cx8 apic sep mtrr pge mca cmov pat pse36 clflush dts acpi mmx fxsr sse sse2 ss ht tm pbe syscall nx rdtscp lm constant_tsc arch_perfmon pebs bts rep_good nopl xtopology nonstop_tsc aperfmperf eagerfpu pni pclmulqdq dtes64 monitor ds_cpl vmx est tm2 ssse3 cx16 xtpr pdcm pcid sse4_1 sse4_2 x2apic popcnt tsc_deadline_timer aes xsave avx f16c rdrand lahf_lm epb tpr_shadow vnmi flexpriority ept vpid fsgsbase smep erms xsaveopt dtherm ida arat pln pts
bugs		:
bogomips	: 4988.47
clflush size	: 64
cache_alignment	: 64
address sizes	: 36 bits physical, 48 bits virtual
power management:

processor	: 3
vendor_id	: GenuineIntel
cpu family	: 6
model		: 58
model name	: Intel(R) Core(TM) i5-3210M CPU @ 2.50GHz
stepping	: 9
microcode	: 0x1c
cpu MHz		: 2900.000
cache size	: 3072 KB
physical id	: 0
siblings	: 4
core id		: 1
cpu cores	: 2
apicid		: 3
initial apicid	: 3
fpu		: yes
fpu_exception	: yes
cpuid level	: 13
wp		: yes
flags		: fpu vme de pse tsc msr pae mce cx8 apic sep mtrr pge mca cmov pat pse36 clflush dts acpi mmx fxsr sse sse2 ss ht tm pbe syscall nx rdtscp lm constant_tsc arch_perfmon pebs bts rep_good nopl xtopology nonstop_tsc aperfmperf eagerfpu pni pclmulqdq dtes64 monitor ds_cpl vmx est tm2 ssse3 cx16 xtpr pdcm pcid sse4_1 sse4_2 x2apic popcnt tsc_deadline_timer aes xsave avx f16c rdrand lahf_lm epb tpr_shadow vnmi flexpriority ept vpid fsgsbase smep erms xsaveopt dtherm ida arat pln pts
bugs		:
bogomips	: 4988.47
clflush size	: 64
cache_alignment	: 64
address sizes	: 36 bits physical, 48 bits virtual
power management:



Memory: 4k page, physical 8074940k(1911316k free), swap 8283132k(8283132k free)

vm_info: OpenJDK 64-Bit Server VM (25.131-b11) for linux-amd64 JRE (1.8.0_131-8u131-b11-2ubuntu1.16.04.2-b11), built on Jul 22 2017 00:56:41 by "buildd" with gcc 5.4.0 20160609

time: Fri Jul 28 15:40:56 2017
elapsed time: 43 seconds (0d 0h 0m 43s)

